2016-04-09 16:02:01,346 p=1952 u=root |  PLAY ***************************************************************************
2016-04-09 16:02:01,356 p=1952 u=root |  TASK [setup] *******************************************************************
2016-04-09 16:02:01,777 p=1952 u=root |  ok: [node-0]
2016-04-09 16:02:01,781 p=1952 u=root |  TASK [gassyfs/worker : include] ************************************************
2016-04-09 16:02:01,816 p=1952 u=root |  included: /experiments/roles/srl/gassyfs/worker/tasks/docker/main.yml for node-0
2016-04-09 16:02:01,824 p=1952 u=root |  TASK [gassyfs/worker : include] ************************************************
2016-04-09 16:02:01,893 p=1952 u=root |  included: /experiments/roles/srl/gassyfs/worker/tasks/docker/pre_requisite.yml for node-0
2016-04-09 16:02:01,908 p=1952 u=root |  TASK [gassyfs/worker : create bootstrap directories] ***************************
2016-04-09 16:02:03,094 p=1952 u=root |  ok: [node-0] => (item=/etc/ceph/)
2016-04-09 16:02:03,111 p=1952 u=root |  ok: [node-0] => (item=/var/lib/ceph/bootstrap-osd)
2016-04-09 16:02:03,126 p=1952 u=root |  ok: [node-0] => (item=/var/lib/ceph/bootstrap-mds)
2016-04-09 16:02:03,139 p=1952 u=root |  ok: [node-0] => (item=/var/lib/ceph/bootstrap-rgw)
2016-04-09 16:02:03,142 p=1952 u=root |  TASK [gassyfs/worker : install pip and docker on ubuntu] ***********************
2016-04-09 16:02:03,283 p=1952 u=root |  skipping: [node-0] => (item=[]) 
2016-04-09 16:02:03,287 p=1952 u=root |  TASK [gassyfs/worker : install pip and docker on debian] ***********************
2016-04-09 16:02:03,404 p=1952 u=root |  skipping: [node-0] => (item=[]) 
2016-04-09 16:02:03,408 p=1952 u=root |  TASK [gassyfs/worker : install pip and docker on redhat] ***********************
2016-04-09 16:02:03,886 p=1952 u=root |  ok: [node-0] => (item=[u'python-pip', u'docker-engine'])
2016-04-09 16:02:03,889 p=1952 u=root |  TASK [gassyfs/worker : install pip and docker on redhat] ***********************
2016-04-09 16:02:04,022 p=1952 u=root |  skipping: [node-0] => (item=[]) 
2016-04-09 16:02:04,025 p=1952 u=root |  TASK [gassyfs/worker : install docker-py] **************************************
2016-04-09 16:02:04,566 p=1952 u=root |  ok: [node-0]
2016-04-09 16:02:04,569 p=1952 u=root |  TASK [gassyfs/worker : include] ************************************************
2016-04-09 16:02:04,630 p=1952 u=root |  included: /experiments/roles/srl/gassyfs/worker/tasks/docker/start_docker_worker.yml for node-0
2016-04-09 16:02:04,662 p=1952 u=root |  TASK [gassyfs/worker : run the gassyfs docker image] ***************************
2016-04-09 16:02:06,121 p=1952 u=root |  changed: [node-0]
2016-04-09 16:02:06,125 p=1952 u=root |  TASK [gassyfs/worker : include] ************************************************
2016-04-09 16:02:06,200 p=1952 u=root |  included: /experiments/roles/srl/gassyfs/worker/tasks/docker/check.yml for node-0
2016-04-09 16:02:06,238 p=1952 u=root |  TASK [gassyfs/worker : wait for the SSH port on the container to become active] 
2016-04-09 16:02:13,532 p=1952 u=root |  ok: [node-0]
2016-04-09 16:02:13,542 p=1952 u=root |  PLAY ***************************************************************************
2016-04-09 16:02:13,553 p=1952 u=root |  TASK [setup] *******************************************************************
2016-04-09 16:02:13,996 p=1952 u=root |  ok: [node-0]
2016-04-09 16:02:14,001 p=1952 u=root |  TASK [gassyfs/master : include] ************************************************
2016-04-09 16:02:14,057 p=1952 u=root |  included: /experiments/roles/srl/gassyfs/master/tasks/docker/main.yml for node-0
2016-04-09 16:02:14,064 p=1952 u=root |  TASK [gassyfs/master : include] ************************************************
2016-04-09 16:02:14,124 p=1952 u=root |  included: /experiments/roles/srl/gassyfs/master/tasks/docker/pre_requisite.yml for node-0
2016-04-09 16:02:14,138 p=1952 u=root |  TASK [gassyfs/master : create bootstrap directories] ***************************
2016-04-09 16:02:15,310 p=1952 u=root |  ok: [node-0] => (item=/etc/ceph/)
2016-04-09 16:02:15,327 p=1952 u=root |  ok: [node-0] => (item=/var/lib/ceph/bootstrap-osd)
2016-04-09 16:02:15,341 p=1952 u=root |  ok: [node-0] => (item=/var/lib/ceph/bootstrap-mds)
2016-04-09 16:02:15,355 p=1952 u=root |  ok: [node-0] => (item=/var/lib/ceph/bootstrap-rgw)
2016-04-09 16:02:15,358 p=1952 u=root |  TASK [gassyfs/master : install pip and docker on ubuntu] ***********************
2016-04-09 16:02:15,498 p=1952 u=root |  skipping: [node-0] => (item=[]) 
2016-04-09 16:02:15,501 p=1952 u=root |  TASK [gassyfs/master : install pip and docker on debian] ***********************
2016-04-09 16:02:15,637 p=1952 u=root |  skipping: [node-0] => (item=[]) 
2016-04-09 16:02:15,641 p=1952 u=root |  TASK [gassyfs/master : install pip and docker on redhat] ***********************
2016-04-09 16:02:16,143 p=1952 u=root |  ok: [node-0] => (item=[u'python-pip', u'docker-engine'])
2016-04-09 16:02:16,146 p=1952 u=root |  TASK [gassyfs/master : install pip and docker on redhat] ***********************
2016-04-09 16:02:16,265 p=1952 u=root |  skipping: [node-0] => (item=[]) 
2016-04-09 16:02:16,267 p=1952 u=root |  TASK [gassyfs/master : install docker-py] **************************************
2016-04-09 16:02:16,882 p=1952 u=root |  ok: [node-0]
2016-04-09 16:02:16,886 p=1952 u=root |  TASK [gassyfs/master : include] ************************************************
2016-04-09 16:02:16,977 p=1952 u=root |  included: /experiments/roles/srl/gassyfs/master/tasks/docker/fetch_configs.yml for node-0
2016-04-09 16:02:17,014 p=1952 u=root |  TASK [gassyfs/master : remove old keys] ****************************************
2016-04-09 16:02:17,306 p=1952 u=root |  ok: [node-0]
2016-04-09 16:02:17,309 p=1952 u=root |  TASK [gassyfs/master : create a new directory for ssh keys] ********************
2016-04-09 16:02:17,604 p=1952 u=root |  changed: [node-0]
2016-04-09 16:02:17,609 p=1952 u=root |  TASK [gassyfs/master : set ssh key paths] **************************************
2016-04-09 16:02:17,685 p=1952 u=root |  ok: [node-0]
2016-04-09 16:02:17,689 p=1952 u=root |  TASK [gassyfs/master : try to fetch ssh keys] **********************************
2016-04-09 16:02:18,987 p=1952 u=root |  changed: [node-0] => (item=id_rsa)
2016-04-09 16:02:19,002 p=1952 u=root |  changed: [node-0] => (item=id_rsa.pub)
2016-04-09 16:02:19,015 p=1952 u=root |  changed: [node-0] => (item=authorized_keys)
2016-04-09 16:02:19,018 p=1952 u=root |  TASK [gassyfs/master : include] ************************************************
2016-04-09 16:02:19,090 p=1952 u=root |  included: /experiments/roles/srl/gassyfs/master/tasks/docker/start_docker_master.yml for node-0
2016-04-09 16:02:19,125 p=1952 u=root |  TASK [gassyfs/master : run the gassyfs docker image] ***************************
2016-04-09 16:02:20,653 p=1952 u=root |  changed: [node-0]
2016-04-09 16:02:20,657 p=1952 u=root |  TASK [gassyfs/master : include] ************************************************
2016-04-09 16:02:20,746 p=1952 u=root |  included: /experiments/roles/srl/gassyfs/master/tasks/docker/check.yml for node-0
2016-04-09 16:02:20,788 p=1952 u=root |  TASK [gassyfs/master : wait for gassyfs to start up] ***************************
2016-04-09 16:02:20,819 p=1952 u=root |  Pausing for 60 seconds
2016-04-09 16:02:20,819 p=1952 u=root |  (ctrl+C then 'C' = continue early, ctrl+C then 'A' = abort)
2016-04-09 16:03:20,862 p=1952 u=root |  ok: [node-0]
2016-04-09 16:03:20,867 p=1952 u=root |  TASK [gassyfs/master : check if the master container is up] ********************
2016-04-09 16:03:21,348 p=1952 u=root |  ok: [node-0]
2016-04-09 16:03:21,352 p=1952 u=root |  TASK [add_host] ****************************************************************
2016-04-09 16:03:21,399 p=1952 u=root |  changed: [node-0]
2016-04-09 16:03:21,409 p=1952 u=root |  PLAY ***************************************************************************
2016-04-09 16:03:21,417 p=1952 u=root |  TASK [setup] *******************************************************************
2016-04-09 16:03:23,647 p=1952 u=root |  ok: [node-0]
2016-04-09 16:03:23,652 p=1952 u=root |  TASK [wait for gassyfs to mount] ***********************************************
2016-04-09 16:03:24,011 p=1952 u=root |  changed: [node-0]
2016-04-09 16:03:24,015 p=1952 u=root |  TASK [how big is our gassyfs mount?] *******************************************
2016-04-09 16:03:24,352 p=1952 u=root |  changed: [node-0]
2016-04-09 16:03:24,356 p=1952 u=root |  TASK [debug] *******************************************************************
2016-04-09 16:03:24,398 p=1952 u=root |  ok: [node-0] => {
    "result.stdout_lines": [
        "Filesystem                                                                                      Size  Used Avail Use% Mounted on", 
        "/dev/mapper/docker-8:1-951195-214fb4f9e98edfc6468e06d40ef9c221103d01ae0f28bba54af4a3d81b78bd8b   10G  1.2G  8.9G  12% /", 
        "tmpfs                                                                                            79G     0   79G   0% /dev", 
        "tmpfs                                                                                            79G     0   79G   0% /sys/fs/cgroup", 
        "/dev/sda1                                                                                        16G  9.8G  5.2G  66% /home", 
        "tmpfs                                                                                            79G     0   79G   0% /dev/shm", 
        "tmpfs                                                                                            79G   18M   79G   1% /run/shm", 
        "gassy                                                                                           158G     0  158G   0% /mount"
    ]
}
2016-04-09 16:03:24,401 p=1952 u=root |  PLAY RECAP *********************************************************************
2016-04-09 16:03:24,402 p=1952 u=root |  node-0                     : ok=31   changed=7    unreachable=0    failed=0   
2016-04-09 16:03:24,418 p=1952 u=root |  PLAY ***************************************************************************
2016-04-09 16:03:24,428 p=1952 u=root |  TASK [setup] *******************************************************************
2016-04-09 16:03:26,506 p=1952 u=root |  ok: [node-0]
2016-04-09 16:03:26,512 p=1952 u=root |  TASK [30GB dd microbenchmark] **************************************************
2016-04-09 16:03:26,557 p=1952 u=root |  ok: [node-0]
2016-04-09 16:03:26,561 p=1952 u=root |  TASK [include] *****************************************************************
2016-04-09 16:03:26,589 p=1952 u=root |  included: /experiments/figure1/workloads/compile.yml for node-0
2016-04-09 16:03:26,596 p=1952 u=root |  TASK [run the job n times] *****************************************************
2016-04-09 16:09:20,347 p=1952 u=root |  changed: [node-0] => (item=[0, u'dd if=/dev/zero of=./zero bs=4k count=7864320'])
2016-04-09 16:09:20,352 p=1952 u=root |  changed: [node-0] => (item=[0, u'rm ./zero'])
2016-04-09 16:09:20,357 p=1952 u=root |  changed: [node-0] => (item=[1, u'dd if=/dev/zero of=./zero bs=4k count=7864320'])
2016-04-09 16:09:20,361 p=1952 u=root |  changed: [node-0] => (item=[1, u'rm ./zero'])
2016-04-09 16:09:20,366 p=1952 u=root |  changed: [node-0] => (item=[2, u'dd if=/dev/zero of=./zero bs=4k count=7864320'])
2016-04-09 16:09:20,370 p=1952 u=root |  changed: [node-0] => (item=[2, u'rm ./zero'])
2016-04-09 16:09:20,373 p=1952 u=root |  TASK [parse results] ***********************************************************
2016-04-09 16:09:21,096 p=1952 u=root |  changed: [node-0] => (item={u'stdout': u'', u'cmd': u'cd /mount; dd if=/dev/zero of=./zero bs=4k count=7864320', u'end': u'2016-04-09 16:05:24.812198', '_ansible_no_log': False, u'warnings': [], u'changed': True, u'start': u'2016-04-09 16:03:26.814471', u'delta': u'0:01:57.997727', 'item': [0, u'dd if=/dev/zero of=./zero bs=4k count=7864320'], u'rc': 0, 'invocation': {'module_name': u'command', u'module_args': {u'creates': None, u'executable': None, u'chdir': None, u'_raw_params': u'cd /mount; dd if=/dev/zero of=./zero bs=4k count=7864320', u'removes': None, u'warn': True, u'_uses_shell': True}}, 'stdout_lines': [], u'stderr': u'7864320+0 records in\n7864320+0 records out\n32212254720 bytes (32 GB) copied, 117.882 s, 273 MB/s'})
2016-04-09 16:09:21,099 p=1952 u=root |  ok: [node-0] => (item={u'stdout': u'', u'cmd': u'cd /mount; rm ./zero', u'end': u'2016-04-09 16:05:27.430701', '_ansible_no_log': False, u'warnings': [], u'changed': True, u'start': u'2016-04-09 16:05:24.995962', u'delta': u'0:00:02.434739', 'item': [0, u'rm ./zero'], u'rc': 0, 'invocation': {'module_name': u'command', u'module_args': {u'creates': None, u'executable': None, u'chdir': None, u'_raw_params': u'cd /mount; rm ./zero', u'removes': None, u'warn': True, u'_uses_shell': True}}, 'stdout_lines': [], u'stderr': u''})
2016-04-09 16:09:21,101 p=1952 u=root |  ok: [node-0] => (item={u'stdout': u'', u'cmd': u'cd /mount; dd if=/dev/zero of=./zero bs=4k count=7864320', u'end': u'2016-04-09 16:07:21.701050', '_ansible_no_log': False, u'warnings': [], u'changed': True, u'start': u'2016-04-09 16:05:27.618626', u'delta': u'0:01:54.082424', 'item': [1, u'dd if=/dev/zero of=./zero bs=4k count=7864320'], u'rc': 0, 'invocation': {'module_name': u'command', u'module_args': {u'creates': None, u'executable': None, u'chdir': None, u'_raw_params': u'cd /mount; dd if=/dev/zero of=./zero bs=4k count=7864320', u'removes': None, u'warn': True, u'_uses_shell': True}}, 'stdout_lines': [], u'stderr': u'7864320+0 records in\n7864320+0 records out\n32212254720 bytes (32 GB) copied, 111.991 s, 288 MB/s'})
2016-04-09 16:09:21,104 p=1952 u=root |  ok: [node-0] => (item={u'stdout': u'', u'cmd': u'cd /mount; rm ./zero', u'end': u'2016-04-09 16:07:24.328324', '_ansible_no_log': False, u'warnings': [], u'changed': True, u'start': u'2016-04-09 16:07:21.883972', u'delta': u'0:00:02.444352', 'item': [1, u'rm ./zero'], u'rc': 0, 'invocation': {'module_name': u'command', u'module_args': {u'creates': None, u'executable': None, u'chdir': None, u'_raw_params': u'cd /mount; rm ./zero', u'removes': None, u'warn': True, u'_uses_shell': True}}, 'stdout_lines': [], u'stderr': u''})
2016-04-09 16:09:21,106 p=1952 u=root |  ok: [node-0] => (item={u'stdout': u'', u'cmd': u'cd /mount; dd if=/dev/zero of=./zero bs=4k count=7864320', u'end': u'2016-04-09 16:09:17.714762', '_ansible_no_log': False, u'warnings': [], u'changed': True, u'start': u'2016-04-09 16:07:24.517650', u'delta': u'0:01:53.197112', 'item': [2, u'dd if=/dev/zero of=./zero bs=4k count=7864320'], u'rc': 0, 'invocation': {'module_name': u'command', u'module_args': {u'creates': None, u'executable': None, u'chdir': None, u'_raw_params': u'cd /mount; dd if=/dev/zero of=./zero bs=4k count=7864320', u'removes': None, u'warn': True, u'_uses_shell': True}}, 'stdout_lines': [], u'stderr': u'7864320+0 records in\n7864320+0 records out\n32212254720 bytes (32 GB) copied, 111.205 s, 290 MB/s'})
2016-04-09 16:09:21,109 p=1952 u=root |  ok: [node-0] => (item={u'stdout': u'', u'cmd': u'cd /mount; rm ./zero', u'end': u'2016-04-09 16:09:20.308913', '_ansible_no_log': False, u'warnings': [], u'changed': True, u'start': u'2016-04-09 16:09:17.897449', u'delta': u'0:00:02.411464', 'item': [2, u'rm ./zero'], u'rc': 0, 'invocation': {'module_name': u'command', u'module_args': {u'creates': None, u'executable': None, u'chdir': None, u'_raw_params': u'cd /mount; rm ./zero', u'removes': None, u'warn': True, u'_uses_shell': True}}, 'stdout_lines': [], u'stderr': u''})
2016-04-09 16:09:21,110 p=1952 u=root |  PLAY RECAP *********************************************************************
2016-04-09 16:09:21,111 p=1952 u=root |  node-0                     : ok=36   changed=9    unreachable=0    failed=0   
2016-04-09 16:09:21,332 p=2345 u=root |  PLAY ***************************************************************************
2016-04-09 16:09:21,340 p=2345 u=root |  TASK [setup] *******************************************************************
2016-04-09 16:09:21,828 p=2345 u=root |  ok: [node-0]
2016-04-09 16:09:21,841 p=2345 u=root |  TASK [cleanup : remove containers [u'michaelsevilla/gassyfs']] *****************
2016-04-09 16:09:34,624 p=2345 u=root |  changed: [node-0] => (item=michaelsevilla/gassyfs)
2016-04-09 16:09:34,627 p=2345 u=root |  TASK [cleanup : delete user defined files] *************************************
2016-04-09 16:09:35,389 p=2345 u=root |  ok: [node-0] => (item=/tmp/fetch)
2016-04-09 16:09:35,393 p=2345 u=root |  changed: [node-0] => (item=/tmp/ssh)
2016-04-09 16:09:35,398 p=2345 u=root |  changed: [node-0] => (item=/tmp/gassyfs)
2016-04-09 16:09:35,400 p=2345 u=root |  PLAY RECAP *********************************************************************
2016-04-09 16:09:35,401 p=2345 u=root |  node-0                     : ok=3    changed=2    unreachable=0    failed=0   
2016-04-09 16:09:35,762 p=2386 u=root |  PLAY ***************************************************************************
2016-04-09 16:09:35,777 p=2386 u=root |  TASK [setup] *******************************************************************
2016-04-09 16:09:36,184 p=2386 u=root |  ok: [node-0]
2016-04-09 16:09:36,317 p=2386 u=root |  ok: [node-1]
2016-04-09 16:09:36,321 p=2386 u=root |  TASK [gassyfs/worker : include] ************************************************
2016-04-09 16:09:36,356 p=2386 u=root |  included: /experiments/roles/srl/gassyfs/worker/tasks/docker/main.yml for node-0, node-1
2016-04-09 16:09:36,363 p=2386 u=root |  TASK [gassyfs/worker : include] ************************************************
2016-04-09 16:09:36,446 p=2386 u=root |  included: /experiments/roles/srl/gassyfs/worker/tasks/docker/pre_requisite.yml for node-0, node-1
2016-04-09 16:09:36,469 p=2386 u=root |  TASK [gassyfs/worker : create bootstrap directories] ***************************
2016-04-09 16:09:37,681 p=2386 u=root |  ok: [node-1] => (item=/etc/ceph/)
2016-04-09 16:09:37,695 p=2386 u=root |  ok: [node-1] => (item=/var/lib/ceph/bootstrap-osd)
2016-04-09 16:09:37,708 p=2386 u=root |  ok: [node-1] => (item=/var/lib/ceph/bootstrap-mds)
2016-04-09 16:09:37,720 p=2386 u=root |  ok: [node-1] => (item=/var/lib/ceph/bootstrap-rgw)
2016-04-09 16:09:37,736 p=2386 u=root |  ok: [node-0] => (item=/etc/ceph/)
2016-04-09 16:09:37,747 p=2386 u=root |  ok: [node-0] => (item=/var/lib/ceph/bootstrap-osd)
2016-04-09 16:09:37,757 p=2386 u=root |  ok: [node-0] => (item=/var/lib/ceph/bootstrap-mds)
2016-04-09 16:09:37,767 p=2386 u=root |  ok: [node-0] => (item=/var/lib/ceph/bootstrap-rgw)
2016-04-09 16:09:37,769 p=2386 u=root |  TASK [gassyfs/worker : install pip and docker on ubuntu] ***********************
2016-04-09 16:09:37,900 p=2386 u=root |  skipping: [node-0] => (item=[]) 
2016-04-09 16:09:37,919 p=2386 u=root |  skipping: [node-1] => (item=[]) 
2016-04-09 16:09:37,923 p=2386 u=root |  TASK [gassyfs/worker : install pip and docker on debian] ***********************
2016-04-09 16:09:38,054 p=2386 u=root |  skipping: [node-0] => (item=[]) 
2016-04-09 16:09:38,073 p=2386 u=root |  skipping: [node-1] => (item=[]) 
2016-04-09 16:09:38,077 p=2386 u=root |  TASK [gassyfs/worker : install pip and docker on redhat] ***********************
2016-04-09 16:09:38,594 p=2386 u=root |  ok: [node-0] => (item=[u'python-pip', u'docker-engine'])
2016-04-09 16:09:38,616 p=2386 u=root |  ok: [node-1] => (item=[u'python-pip', u'docker-engine'])
2016-04-09 16:09:38,620 p=2386 u=root |  TASK [gassyfs/worker : install pip and docker on redhat] ***********************
2016-04-09 16:09:38,760 p=2386 u=root |  skipping: [node-0] => (item=[]) 
2016-04-09 16:09:38,783 p=2386 u=root |  skipping: [node-1] => (item=[]) 
2016-04-09 16:09:38,787 p=2386 u=root |  TASK [gassyfs/worker : install docker-py] **************************************
2016-04-09 16:09:39,377 p=2386 u=root |  ok: [node-0]
2016-04-09 16:09:39,393 p=2386 u=root |  ok: [node-1]
2016-04-09 16:09:39,397 p=2386 u=root |  TASK [gassyfs/worker : include] ************************************************
2016-04-09 16:09:39,476 p=2386 u=root |  included: /experiments/roles/srl/gassyfs/worker/tasks/docker/start_docker_worker.yml for node-0, node-1
2016-04-09 16:09:39,534 p=2386 u=root |  TASK [gassyfs/worker : run the gassyfs docker image] ***************************
2016-04-09 16:09:40,952 p=2386 u=root |  changed: [node-1]
2016-04-09 16:09:41,035 p=2386 u=root |  changed: [node-0]
2016-04-09 16:09:41,040 p=2386 u=root |  TASK [gassyfs/worker : include] ************************************************
2016-04-09 16:09:41,120 p=2386 u=root |  included: /experiments/roles/srl/gassyfs/worker/tasks/docker/check.yml for node-0, node-1
2016-04-09 16:09:41,183 p=2386 u=root |  TASK [gassyfs/worker : wait for the SSH port on the container to become active] 
2016-04-09 16:09:47,469 p=2386 u=root |  ok: [node-0]
2016-04-09 16:14:41,889 p=2386 u=root |  fatal: [node-1]: FAILED! => {"changed": false, "elapsed": 300, "failed": true, "msg": "Timeout when waiting for node-1:2223"}
2016-04-09 16:14:41,893 p=2386 u=root |  PLAY RECAP *********************************************************************
2016-04-09 16:14:41,893 p=2386 u=root |  node-0                     : ok=10   changed=1    unreachable=0    failed=0   
2016-04-09 16:14:41,894 p=2386 u=root |  node-1                     : ok=9    changed=1    unreachable=0    failed=1   
