2016-04-06 03:32:55,759 p=19261 u=root |  ERROR! the role 'gassyfs/worker' was not found in /experiments/figure1/experiment-samtools/udp/site/roles:/experiments/figure1/experiment-samtools/udp/site:../../roles/srl

The error appears to have been in '/experiments/figure1/experiment-samtools/udp/site/site.yml': line 7, column 5, but may
be elsewhere in the file depending on the exact syntax problem.

The offending line appears to be:

  roles:
  - gassyfs/worker
    ^ here

2016-04-06 03:32:59,893 p=19264 u=root |  ERROR! the role 'cleanup' was not found in /experiments/figure1/experiment-samtools/udp/roles:/experiments/figure1/experiment-samtools/udp:../../roles/srl

The error appears to have been in '/experiments/figure1/experiment-samtools/udp/cleanup.yml': line 5, column 7, but may
be elsewhere in the file depending on the exact syntax problem.

The offending line appears to be:

  roles:
    - role: cleanup
      ^ here

2016-04-06 03:33:23,377 p=19270 u=root |  PLAY ***************************************************************************
2016-04-06 03:33:23,396 p=19270 u=root |  TASK [setup] *******************************************************************
2016-04-06 03:33:23,884 p=19270 u=root |  ok: [node-2]
2016-04-06 03:33:23,928 p=19270 u=root |  ok: [node-0]
2016-04-06 03:33:23,948 p=19270 u=root |  TASK [cleanup : remove containers [u'michaelsevilla/gassyfs']] *****************
2016-04-06 03:33:24,379 p=19270 u=root |  failed: [node-0] => (item=michaelsevilla/gassyfs) => {"changed": false, "failed": true, "item": "michaelsevilla/gassyfs", "msg": "Docker API Error: Cannot stop container 22d653c79aec980a7c5185089e6fb7280b4f876705ea980c803a0cbdaf9bb80b: active container for 22d653c79aec980a7c5185089e6fb7280b4f876705ea980c803a0cbdaf9bb80b does not exist"}
2016-04-06 03:33:25,460 p=19270 u=root |  changed: [node-2] => (item=michaelsevilla/gassyfs)
2016-04-06 03:33:25,464 p=19270 u=root |  TASK [cleanup : delete user defined files] *************************************
2016-04-06 03:33:26,288 p=19270 u=root |  ok: [node-2] => (item=/tmp/fetch)
2016-04-06 03:33:26,293 p=19270 u=root |  ok: [node-2] => (item=/tmp/ssh)
2016-04-06 03:33:26,298 p=19270 u=root |  changed: [node-2] => (item=/tmp/gassyfs)
2016-04-06 03:33:26,301 p=19270 u=root |  NO MORE HOSTS LEFT *************************************************************
2016-04-06 03:33:26,301 p=19270 u=root |  PLAY RECAP *********************************************************************
2016-04-06 03:33:26,302 p=19270 u=root |  node-0                     : ok=1    changed=0    unreachable=0    failed=1   
2016-04-06 03:33:26,302 p=19270 u=root |  node-2                     : ok=3    changed=2    unreachable=0    failed=0   
2016-04-06 03:33:29,117 p=19328 u=root |  PLAY ***************************************************************************
2016-04-06 03:33:29,136 p=19328 u=root |  TASK [setup] *******************************************************************
2016-04-06 03:33:29,539 p=19328 u=root |  ok: [node-0]
2016-04-06 03:33:29,575 p=19328 u=root |  ok: [node-2]
2016-04-06 03:33:29,595 p=19328 u=root |  TASK [cleanup : remove containers [u'michaelsevilla/gassyfs']] *****************
2016-04-06 03:33:30,020 p=19328 u=root |  ok: [node-2] => (item=michaelsevilla/gassyfs)
2016-04-06 03:33:32,199 p=19328 u=root |  changed: [node-0] => (item=michaelsevilla/gassyfs)
2016-04-06 03:33:32,203 p=19328 u=root |  TASK [cleanup : delete user defined files] *************************************
2016-04-06 03:33:32,900 p=19328 u=root |  ok: [node-0] => (item=/tmp/fetch)
2016-04-06 03:33:32,906 p=19328 u=root |  changed: [node-0] => (item=/tmp/ssh)
2016-04-06 03:33:32,911 p=19328 u=root |  changed: [node-0] => (item=/tmp/gassyfs)
2016-04-06 03:33:32,971 p=19328 u=root |  ok: [node-2] => (item=/tmp/fetch)
2016-04-06 03:33:32,976 p=19328 u=root |  ok: [node-2] => (item=/tmp/ssh)
2016-04-06 03:33:32,981 p=19328 u=root |  ok: [node-2] => (item=/tmp/gassyfs)
2016-04-06 03:33:32,985 p=19328 u=root |  PLAY RECAP *********************************************************************
2016-04-06 03:33:32,985 p=19328 u=root |  node-0                     : ok=3    changed=2    unreachable=0    failed=0   
2016-04-06 03:33:32,986 p=19328 u=root |  node-2                     : ok=3    changed=0    unreachable=0    failed=0   
2016-04-06 03:33:34,343 p=19397 u=root |  PLAY ***************************************************************************
2016-04-06 03:33:34,356 p=19397 u=root |  TASK [setup] *******************************************************************
2016-04-06 03:33:34,765 p=19397 u=root |  ok: [node-0]
2016-04-06 03:33:34,799 p=19397 u=root |  ok: [node-2]
2016-04-06 03:33:34,819 p=19397 u=root |  TASK [cleanup : remove containers [u'michaelsevilla/gassyfs']] *****************
2016-04-06 03:33:35,185 p=19397 u=root |  ok: [node-0] => (item=michaelsevilla/gassyfs)
2016-04-06 03:33:35,223 p=19397 u=root |  ok: [node-2] => (item=michaelsevilla/gassyfs)
2016-04-06 03:33:35,226 p=19397 u=root |  TASK [cleanup : delete user defined files] *************************************
2016-04-06 03:33:35,926 p=19397 u=root |  ok: [node-0] => (item=/tmp/fetch)
2016-04-06 03:33:35,931 p=19397 u=root |  ok: [node-0] => (item=/tmp/ssh)
2016-04-06 03:33:35,936 p=19397 u=root |  ok: [node-0] => (item=/tmp/gassyfs)
2016-04-06 03:33:35,973 p=19397 u=root |  ok: [node-2] => (item=/tmp/fetch)
2016-04-06 03:33:35,978 p=19397 u=root |  ok: [node-2] => (item=/tmp/ssh)
2016-04-06 03:33:35,982 p=19397 u=root |  ok: [node-2] => (item=/tmp/gassyfs)
2016-04-06 03:33:35,986 p=19397 u=root |  PLAY RECAP *********************************************************************
2016-04-06 03:33:35,986 p=19397 u=root |  node-0                     : ok=3    changed=0    unreachable=0    failed=0   
2016-04-06 03:33:35,986 p=19397 u=root |  node-2                     : ok=3    changed=0    unreachable=0    failed=0   
2016-04-06 03:33:43,765 p=19466 u=root |  PLAY ***************************************************************************
2016-04-06 03:33:43,776 p=19466 u=root |  TASK [setup] *******************************************************************
2016-04-06 03:33:44,195 p=19466 u=root |  ok: [node-0]
2016-04-06 03:33:44,232 p=19466 u=root |  ok: [node-2]
2016-04-06 03:33:44,241 p=19466 u=root |  TASK [gassyfs/worker : include] ************************************************
2016-04-06 03:33:44,280 p=19466 u=root |  included: /experiments/roles/srl/gassyfs/worker/tasks/docker/main.yml for node-0, node-2
2016-04-06 03:33:44,289 p=19466 u=root |  TASK [gassyfs/worker : include] ************************************************
2016-04-06 03:33:44,369 p=19466 u=root |  included: /experiments/roles/srl/gassyfs/worker/tasks/docker/pre_requisite.yml for node-0, node-2
2016-04-06 03:33:44,388 p=19466 u=root |  TASK [gassyfs/worker : create bootstrap directories] ***************************
2016-04-06 03:33:45,491 p=19466 u=root |  ok: [node-0] => (item=/etc/ceph/)
2016-04-06 03:33:45,511 p=19466 u=root |  ok: [node-0] => (item=/var/lib/ceph/bootstrap-osd)
2016-04-06 03:33:45,528 p=19466 u=root |  ok: [node-0] => (item=/var/lib/ceph/bootstrap-mds)
2016-04-06 03:33:45,544 p=19466 u=root |  ok: [node-0] => (item=/var/lib/ceph/bootstrap-rgw)
2016-04-06 03:33:45,648 p=19466 u=root |  ok: [node-2] => (item=/etc/ceph/)
2016-04-06 03:33:45,668 p=19466 u=root |  ok: [node-2] => (item=/var/lib/ceph/bootstrap-osd)
2016-04-06 03:33:45,686 p=19466 u=root |  ok: [node-2] => (item=/var/lib/ceph/bootstrap-mds)
2016-04-06 03:33:45,701 p=19466 u=root |  ok: [node-2] => (item=/var/lib/ceph/bootstrap-rgw)
2016-04-06 03:33:45,705 p=19466 u=root |  TASK [gassyfs/worker : install pip and docker on ubuntu] ***********************
2016-04-06 03:33:45,851 p=19466 u=root |  skipping: [node-2] => (item=[]) 
2016-04-06 03:33:45,876 p=19466 u=root |  skipping: [node-0] => (item=[]) 
2016-04-06 03:33:45,880 p=19466 u=root |  TASK [gassyfs/worker : install pip and docker on debian] ***********************
2016-04-06 03:33:45,992 p=19466 u=root |  skipping: [node-0] => (item=[]) 
2016-04-06 03:33:46,011 p=19466 u=root |  skipping: [node-2] => (item=[]) 
2016-04-06 03:33:46,015 p=19466 u=root |  TASK [gassyfs/worker : install pip and docker on redhat] ***********************
2016-04-06 03:33:46,549 p=19466 u=root |  ok: [node-0] => (item=[u'python-pip', u'docker-engine'])
2016-04-06 03:33:46,595 p=19466 u=root |  ok: [node-2] => (item=[u'python-pip', u'docker-engine'])
2016-04-06 03:33:46,599 p=19466 u=root |  TASK [gassyfs/worker : install pip and docker on redhat] ***********************
2016-04-06 03:33:46,754 p=19466 u=root |  skipping: [node-0] => (item=[]) 
2016-04-06 03:33:46,778 p=19466 u=root |  skipping: [node-2] => (item=[]) 
2016-04-06 03:33:46,782 p=19466 u=root |  TASK [gassyfs/worker : install docker-py] **************************************
2016-04-06 03:33:47,386 p=19466 u=root |  ok: [node-0]
2016-04-06 03:33:47,421 p=19466 u=root |  ok: [node-2]
2016-04-06 03:33:47,425 p=19466 u=root |  TASK [gassyfs/worker : include] ************************************************
2016-04-06 03:33:47,497 p=19466 u=root |  included: /experiments/roles/srl/gassyfs/worker/tasks/docker/start_docker_worker.yml for node-0, node-2
2016-04-06 03:33:47,567 p=19466 u=root |  TASK [gassyfs/worker : run the gassyfs docker image] ***************************
2016-04-06 03:33:49,259 p=19466 u=root |  changed: [node-2]
2016-04-06 03:33:49,314 p=19466 u=root |  changed: [node-0]
2016-04-06 03:33:49,321 p=19466 u=root |  PLAY ***************************************************************************
2016-04-06 03:33:49,329 p=19466 u=root |  TASK [setup] *******************************************************************
2016-04-06 03:33:49,655 p=19466 u=root |  ok: [node-0]
2016-04-06 03:33:49,658 p=19466 u=root |  TASK [gassyfs/master : include] ************************************************
2016-04-06 03:33:49,685 p=19466 u=root |  included: /experiments/roles/srl/gassyfs/master/tasks/docker/main.yml for node-0
2016-04-06 03:33:49,690 p=19466 u=root |  TASK [gassyfs/master : include] ************************************************
2016-04-06 03:33:49,748 p=19466 u=root |  included: /experiments/roles/srl/gassyfs/master/tasks/docker/pre_requisite.yml for node-0
2016-04-06 03:33:49,764 p=19466 u=root |  TASK [gassyfs/master : create bootstrap directories] ***************************
2016-04-06 03:33:50,789 p=19466 u=root |  ok: [node-0] => (item=/etc/ceph/)
2016-04-06 03:33:50,804 p=19466 u=root |  ok: [node-0] => (item=/var/lib/ceph/bootstrap-osd)
2016-04-06 03:33:50,817 p=19466 u=root |  ok: [node-0] => (item=/var/lib/ceph/bootstrap-mds)
2016-04-06 03:33:50,831 p=19466 u=root |  ok: [node-0] => (item=/var/lib/ceph/bootstrap-rgw)
2016-04-06 03:33:50,835 p=19466 u=root |  TASK [gassyfs/master : install pip and docker on ubuntu] ***********************
2016-04-06 03:33:50,952 p=19466 u=root |  skipping: [node-0] => (item=[]) 
2016-04-06 03:33:50,955 p=19466 u=root |  TASK [gassyfs/master : install pip and docker on debian] ***********************
2016-04-06 03:33:51,085 p=19466 u=root |  skipping: [node-0] => (item=[]) 
2016-04-06 03:33:51,089 p=19466 u=root |  TASK [gassyfs/master : install pip and docker on redhat] ***********************
2016-04-06 03:33:51,600 p=19466 u=root |  ok: [node-0] => (item=[u'python-pip', u'docker-engine'])
2016-04-06 03:33:51,604 p=19466 u=root |  TASK [gassyfs/master : install pip and docker on redhat] ***********************
2016-04-06 03:33:51,733 p=19466 u=root |  skipping: [node-0] => (item=[]) 
2016-04-06 03:33:51,736 p=19466 u=root |  TASK [gassyfs/master : install docker-py] **************************************
2016-04-06 03:33:52,285 p=19466 u=root |  ok: [node-0]
2016-04-06 03:33:52,290 p=19466 u=root |  TASK [gassyfs/master : include] ************************************************
2016-04-06 03:33:52,360 p=19466 u=root |  included: /experiments/roles/srl/gassyfs/master/tasks/docker/fetch_configs.yml for node-0
2016-04-06 03:33:52,400 p=19466 u=root |  TASK [gassyfs/master : remove old keys] ****************************************
2016-04-06 03:33:52,658 p=19466 u=root |  ok: [node-0]
2016-04-06 03:33:52,662 p=19466 u=root |  TASK [gassyfs/master : create a new directory for ssh keys] ********************
2016-04-06 03:33:52,908 p=19466 u=root |  changed: [node-0]
2016-04-06 03:33:52,913 p=19466 u=root |  TASK [gassyfs/master : set ssh key paths] **************************************
2016-04-06 03:33:52,980 p=19466 u=root |  ok: [node-0]
2016-04-06 03:33:52,983 p=19466 u=root |  TASK [gassyfs/master : try to fetch ssh keys] **********************************
2016-04-06 03:33:54,119 p=19466 u=root |  changed: [node-0] => (item=id_rsa)
2016-04-06 03:33:54,135 p=19466 u=root |  changed: [node-0] => (item=id_rsa.pub)
2016-04-06 03:33:54,149 p=19466 u=root |  changed: [node-0] => (item=authorized_keys)
2016-04-06 03:33:54,152 p=19466 u=root |  TASK [gassyfs/master : include] ************************************************
2016-04-06 03:33:54,219 p=19466 u=root |  included: /experiments/roles/srl/gassyfs/master/tasks/docker/start_docker_master.yml for node-0
2016-04-06 03:33:54,267 p=19466 u=root |  TASK [gassyfs/master : run the gassyfs docker image] ***************************
2016-04-06 03:33:56,129 p=19466 u=root |  changed: [node-0]
2016-04-06 03:33:56,136 p=19466 u=root |  PLAY ***************************************************************************
2016-04-06 03:33:56,143 p=19466 u=root |  TASK [setup] *******************************************************************
2016-04-06 03:33:56,446 p=19466 u=root |  ok: [node-0]
2016-04-06 03:33:56,517 p=19466 u=root |  ok: [node-2]
2016-04-06 03:33:56,521 p=19466 u=root |  TASK [wait for the SSH port on the container to become active] *****************
2016-04-06 03:33:57,712 p=19466 u=root |  ok: [node-0]
2016-04-06 03:33:57,739 p=19466 u=root |  ok: [node-2]
2016-04-06 03:33:57,742 p=19466 u=root |  TASK [check if the worker container is up] *************************************
2016-04-06 03:33:58,020 p=19466 u=root |  ok: [node-0]
2016-04-06 03:33:58,082 p=19466 u=root |  ok: [node-2]
2016-04-06 03:33:58,091 p=19466 u=root |  PLAY ***************************************************************************
2016-04-06 03:33:58,099 p=19466 u=root |  TASK [setup] *******************************************************************
2016-04-06 03:33:58,430 p=19466 u=root |  ok: [node-0]
2016-04-06 03:33:58,434 p=19466 u=root |  TASK [wait for the SSH port on the container to become active] *****************
2016-04-06 03:33:58,649 p=19466 u=root |  ok: [node-0]
2016-04-06 03:33:58,652 p=19466 u=root |  TASK [check if the master container is up] *************************************
2016-04-06 03:33:58,891 p=19466 u=root |  ok: [node-0]
2016-04-06 03:33:58,897 p=19466 u=root |  PLAY ***************************************************************************
2016-04-06 03:33:58,904 p=19466 u=root |  TASK [setup] *******************************************************************
2016-04-06 03:33:59,217 p=19466 u=root |  ok: [node-0]
2016-04-06 03:33:59,289 p=19466 u=root |  ok: [node-2]
2016-04-06 03:33:59,300 p=19466 u=root |  PLAY ***************************************************************************
2016-04-06 03:33:59,312 p=19466 u=root |  TASK [setup] *******************************************************************
2016-04-06 03:33:59,653 p=19466 u=root |  ok: [node-0]
2016-04-06 03:33:59,657 p=19466 u=root |  TASK [add_host] ****************************************************************
2016-04-06 03:33:59,691 p=19466 u=root |  changed: [node-0]
2016-04-06 03:33:59,698 p=19466 u=root |  PLAY ***************************************************************************
2016-04-06 03:33:59,705 p=19466 u=root |  TASK [setup] *******************************************************************
2016-04-06 03:34:01,037 p=19466 u=root |  ok: [node-0]
2016-04-06 03:34:01,043 p=19466 u=root |  TASK [wait for gassyfs to mount] ***********************************************
2016-04-06 03:34:06,505 p=19466 u=root |  FAILED - RETRYING: TASK: wait for gassyfs to mount (199 retries left). Result was: {u'changed': True, u'end': u'2016-04-06 03:34:01.471877', 'failed': True, u'stdout': u'', u'cmd': u'mount | grep mount', u'rc': 1, u'start': u'2016-04-06 03:34:01.184526', u'stderr': u'', u'delta': u'0:00:00.287351', 'invocation': {'module_name': u'command', u'module_args': {u'creates': None, u'executable': None, u'_uses_shell': True, u'_ansible_no_log': True, u'_raw_params': u'mount | grep mount', u'removes': None, u'warn': True, u'chdir': None}}, 'stdout_lines': [], u'warnings': [u'Consider using mount module rather than running mount']}
2016-04-06 03:34:06,761 p=19466 u=root |  changed: [node-0]
2016-04-06 03:34:06,765 p=19466 u=root |  TASK [how big is our gassyfs mount?] *******************************************
2016-04-06 03:34:07,070 p=19466 u=root |  changed: [node-0]
2016-04-06 03:34:07,073 p=19466 u=root |  TASK [debug] *******************************************************************
2016-04-06 03:34:07,124 p=19466 u=root |  ok: [node-0] => {
    "result.stdout_lines": [
        "Filesystem                                                                                      Size  Used Avail Use% Mounted on", 
        "/dev/mapper/docker-8:1-951195-a96339a31387b3af2dab9b450e019132e926a66eea75f498302ebfbc29642841   10G  487M  9.6G   5% /", 
        "tmpfs                                                                                           126G     0  126G   0% /dev", 
        "tmpfs                                                                                           126G     0  126G   0% /sys/fs/cgroup", 
        "/dev/sda1                                                                                        16G  5.3G  9.7G  36% /etc/hosts", 
        "tmpfs                                                                                           126G   50M  126G   1% /run/shm", 
        "tmpfs                                                                                           126G     0  126G   0% /dev/shm", 
        "gassy                                                                                           160G     0  160G   0% /mount"
    ]
}
2016-04-06 03:34:07,134 p=19466 u=root |  PLAY ***************************************************************************
2016-04-06 03:34:07,145 p=19466 u=root |  TASK [setup] *******************************************************************
2016-04-06 03:34:07,984 p=19466 u=root |  ok: [node-0]
2016-04-06 03:34:07,989 p=19466 u=root |  TASK [set_fact] ****************************************************************
2016-04-06 03:34:08,022 p=19466 u=root |  ok: [node-0]
2016-04-06 03:34:08,025 p=19466 u=root |  TASK [pull input files from the interwebs (40MB, 177MB, 1GB, 10GB)] ************
2016-04-06 03:34:28,479 p=19466 u=root |  changed: [node-0] => (item=wgEncodeCaltechRnaSeqGm12878R1x75dSplicesRep1V2.bam)
2016-04-06 03:34:28,482 p=19466 u=root |  changed: [node-0] => (item=wgEncodeCaltechRnaSeqH1hescR1x75dSplicesRep1V2.bam)
2016-04-06 03:34:28,487 p=19466 u=root |  TASK [put the input into gassyfs] **********************************************
2016-04-06 03:34:49,028 p=19466 u=root |  changed: [node-0] => (item=wgEncodeCaltechRnaSeqGm12878R1x75dSplicesRep1V2.bam)
2016-04-06 03:34:49,031 p=19466 u=root |  changed: [node-0] => (item=wgEncodeCaltechRnaSeqH1hescR1x75dSplicesRep1V2.bam)
2016-04-06 03:34:49,034 p=19466 u=root |  TASK [run the sort benchmark] **************************************************
2016-04-06 03:35:52,096 p=19466 u=root |  changed: [node-0] => (item=wgEncodeCaltechRnaSeqGm12878R1x75dSplicesRep1V2.bam)
2016-04-06 03:35:52,098 p=19466 u=root |  changed: [node-0] => (item=wgEncodeCaltechRnaSeqH1hescR1x75dSplicesRep1V2.bam)
2016-04-06 03:35:52,101 p=19466 u=root |  TASK [get the sizes] ***********************************************************
2016-04-06 03:35:52,424 p=19466 u=root |  changed: [node-0]
2016-04-06 03:35:52,428 p=19466 u=root |  TASK [size of files] ***********************************************************
2016-04-06 03:35:52,461 p=19466 u=root |  ok: [node-0] => {
    "stdout_lines": "VARIABLE IS NOT DEFINED!"
}
2016-04-06 03:35:52,481 p=19466 u=root |  TASK [TIME copy: {{ item }}] ***************************************************
2016-04-06 03:35:52,565 p=19466 u=root |  ok: [node-0] => (item=wgEncodeCaltechRnaSeqGm12878R1x75dSplicesRep1V2.bam) => {
    "copy-wgEncodeCaltechRnaSeqGm12878R1x75dSplicesRep1V2.bam.stderr.split(\"\n\")": "VARIABLE IS NOT DEFINED!", 
    "item": "wgEncodeCaltechRnaSeqGm12878R1x75dSplicesRep1V2.bam"
}
2016-04-06 03:35:52,568 p=19466 u=root |  ok: [node-0] => (item=wgEncodeCaltechRnaSeqH1hescR1x75dSplicesRep1V2.bam) => {
    "copy-wgEncodeCaltechRnaSeqH1hescR1x75dSplicesRep1V2.bam.stderr.split(\"\n\")": "VARIABLE IS NOT DEFINED!", 
    "item": "wgEncodeCaltechRnaSeqH1hescR1x75dSplicesRep1V2.bam"
}
2016-04-06 03:35:52,575 p=19466 u=root |  TASK [TIME sort: {{ item }}] ***************************************************
2016-04-06 03:35:52,638 p=19466 u=root |  ok: [node-0] => (item=wgEncodeCaltechRnaSeqGm12878R1x75dSplicesRep1V2.bam) => {
    "item": "wgEncodeCaltechRnaSeqGm12878R1x75dSplicesRep1V2.bam", 
    "sort-wgEncodeCaltechRnaSeqGm12878R1x75dSplicesRep1V2.bam.stderr.split(\"\n\")": "VARIABLE IS NOT DEFINED!"
}
2016-04-06 03:35:52,641 p=19466 u=root |  ok: [node-0] => (item=wgEncodeCaltechRnaSeqH1hescR1x75dSplicesRep1V2.bam) => {
    "item": "wgEncodeCaltechRnaSeqH1hescR1x75dSplicesRep1V2.bam", 
    "sort-wgEncodeCaltechRnaSeqH1hescR1x75dSplicesRep1V2.bam.stderr.split(\"\n\")": "VARIABLE IS NOT DEFINED!"
}
2016-04-06 03:35:52,643 p=19466 u=root |  PLAY RECAP *********************************************************************
2016-04-06 03:35:52,644 p=19466 u=root |  node-0                     : ok=43   changed=11   unreachable=0    failed=0   
2016-04-06 03:35:52,644 p=19466 u=root |  node-2                     : ok=12   changed=1    unreachable=0    failed=0   
2016-04-06 03:49:38,691 p=19910 u=root |  PLAY ***************************************************************************
2016-04-06 03:49:38,709 p=19910 u=root |  TASK [setup] *******************************************************************
2016-04-06 03:49:39,204 p=19910 u=root |  ok: [node-0]
2016-04-06 03:49:39,206 p=19910 u=root |  ok: [node-2]
2016-04-06 03:49:39,221 p=19910 u=root |  TASK [cleanup : remove containers [u'michaelsevilla/gassyfs']] *****************
2016-04-06 03:49:40,752 p=19910 u=root |  changed: [node-2] => (item=michaelsevilla/gassyfs)
2016-04-06 03:49:42,144 p=19910 u=root |  changed: [node-0] => (item=michaelsevilla/gassyfs)
2016-04-06 03:49:42,149 p=19910 u=root |  TASK [cleanup : delete user defined files] *************************************
2016-04-06 03:49:42,838 p=19910 u=root |  ok: [node-0] => (item=/tmp/fetch)
2016-04-06 03:49:42,843 p=19910 u=root |  changed: [node-0] => (item=/tmp/ssh)
2016-04-06 03:49:42,848 p=19910 u=root |  changed: [node-0] => (item=/tmp/gassyfs)
2016-04-06 03:49:42,910 p=19910 u=root |  ok: [node-2] => (item=/tmp/fetch)
2016-04-06 03:49:42,915 p=19910 u=root |  ok: [node-2] => (item=/tmp/ssh)
2016-04-06 03:49:42,919 p=19910 u=root |  changed: [node-2] => (item=/tmp/gassyfs)
2016-04-06 03:49:42,923 p=19910 u=root |  PLAY RECAP *********************************************************************
2016-04-06 03:49:42,923 p=19910 u=root |  node-0                     : ok=3    changed=2    unreachable=0    failed=0   
2016-04-06 03:49:42,923 p=19910 u=root |  node-2                     : ok=3    changed=2    unreachable=0    failed=0   
2016-04-06 03:49:47,649 p=19985 u=root |  ERROR! Syntax Error while loading YAML.


The error appears to have been in '/experiments/figure1/experiment-samtools/workload.yml': line 39, column 20, but may
be elsewhere in the file depending on the exact syntax problem.

The offending line appears to be:

      debug: msg="{{ item.stderr.split("\n") }} ..."
      with_items: {{ copy.results }}
                   ^ here
We could be wrong, but this one looks like it might be an issue with
missing quotes.  Always quote template expression brackets when they
start a value. For instance:

    with_items:
      - {{ foo }}

Should be written as:

    with_items:
      - "{{ foo }}"

2016-04-06 03:50:16,475 p=19989 u=root |  PLAY ***************************************************************************
2016-04-06 03:50:16,493 p=19989 u=root |  TASK [setup] *******************************************************************
2016-04-06 03:50:16,895 p=19989 u=root |  ok: [node-0]
2016-04-06 03:50:16,939 p=19989 u=root |  ok: [node-2]
2016-04-06 03:50:16,948 p=19989 u=root |  TASK [gassyfs/worker : include] ************************************************
2016-04-06 03:50:16,992 p=19989 u=root |  included: /experiments/roles/srl/gassyfs/worker/tasks/docker/main.yml for node-0, node-2
2016-04-06 03:50:17,002 p=19989 u=root |  TASK [gassyfs/worker : include] ************************************************
2016-04-06 03:50:17,080 p=19989 u=root |  included: /experiments/roles/srl/gassyfs/worker/tasks/docker/pre_requisite.yml for node-0, node-2
2016-04-06 03:50:17,100 p=19989 u=root |  TASK [gassyfs/worker : create bootstrap directories] ***************************
2016-04-06 03:50:18,248 p=19989 u=root |  ok: [node-0] => (item=/etc/ceph/)
2016-04-06 03:50:18,263 p=19989 u=root |  ok: [node-0] => (item=/var/lib/ceph/bootstrap-osd)
2016-04-06 03:50:18,277 p=19989 u=root |  ok: [node-0] => (item=/var/lib/ceph/bootstrap-mds)
2016-04-06 03:50:18,291 p=19989 u=root |  ok: [node-0] => (item=/var/lib/ceph/bootstrap-rgw)
2016-04-06 03:50:18,335 p=19989 u=root |  ok: [node-2] => (item=/etc/ceph/)
2016-04-06 03:50:18,351 p=19989 u=root |  ok: [node-2] => (item=/var/lib/ceph/bootstrap-osd)
2016-04-06 03:50:18,366 p=19989 u=root |  ok: [node-2] => (item=/var/lib/ceph/bootstrap-mds)
2016-04-06 03:50:18,380 p=19989 u=root |  ok: [node-2] => (item=/var/lib/ceph/bootstrap-rgw)
2016-04-06 03:50:18,383 p=19989 u=root |  TASK [gassyfs/worker : install pip and docker on ubuntu] ***********************
2016-04-06 03:50:18,508 p=19989 u=root |  skipping: [node-2] => (item=[]) 
2016-04-06 03:50:18,528 p=19989 u=root |  skipping: [node-0] => (item=[]) 
2016-04-06 03:50:18,531 p=19989 u=root |  TASK [gassyfs/worker : install pip and docker on debian] ***********************
2016-04-06 03:50:18,651 p=19989 u=root |  skipping: [node-2] => (item=[]) 
2016-04-06 03:50:18,670 p=19989 u=root |  skipping: [node-0] => (item=[]) 
2016-04-06 03:50:18,674 p=19989 u=root |  TASK [gassyfs/worker : install pip and docker on redhat] ***********************
2016-04-06 03:50:19,230 p=19989 u=root |  ok: [node-0] => (item=[u'python-pip', u'docker-engine'])
2016-04-06 03:50:19,270 p=19989 u=root |  ok: [node-2] => (item=[u'python-pip', u'docker-engine'])
2016-04-06 03:50:19,274 p=19989 u=root |  TASK [gassyfs/worker : install pip and docker on redhat] ***********************
2016-04-06 03:50:19,410 p=19989 u=root |  skipping: [node-2] => (item=[]) 
2016-04-06 03:50:19,433 p=19989 u=root |  skipping: [node-0] => (item=[]) 
2016-04-06 03:50:19,436 p=19989 u=root |  TASK [gassyfs/worker : install docker-py] **************************************
2016-04-06 03:50:20,029 p=19989 u=root |  ok: [node-0]
2016-04-06 03:50:20,063 p=19989 u=root |  ok: [node-2]
2016-04-06 03:50:20,067 p=19989 u=root |  TASK [gassyfs/worker : include] ************************************************
2016-04-06 03:50:20,151 p=19989 u=root |  included: /experiments/roles/srl/gassyfs/worker/tasks/docker/start_docker_worker.yml for node-0, node-2
2016-04-06 03:50:20,222 p=19989 u=root |  TASK [gassyfs/worker : run the gassyfs docker image] ***************************
2016-04-06 03:50:21,956 p=19989 u=root |  changed: [node-2]
2016-04-06 03:50:22,051 p=19989 u=root |  changed: [node-0]
2016-04-06 03:50:22,060 p=19989 u=root |  PLAY ***************************************************************************
2016-04-06 03:50:22,069 p=19989 u=root |  TASK [setup] *******************************************************************
2016-04-06 03:50:22,412 p=19989 u=root |  ok: [node-0]
2016-04-06 03:50:22,416 p=19989 u=root |  TASK [gassyfs/master : include] ************************************************
2016-04-06 03:50:22,441 p=19989 u=root |  included: /experiments/roles/srl/gassyfs/master/tasks/docker/main.yml for node-0
2016-04-06 03:50:22,447 p=19989 u=root |  TASK [gassyfs/master : include] ************************************************
2016-04-06 03:50:22,504 p=19989 u=root |  included: /experiments/roles/srl/gassyfs/master/tasks/docker/pre_requisite.yml for node-0
2016-04-06 03:50:22,520 p=19989 u=root |  TASK [gassyfs/master : create bootstrap directories] ***************************
2016-04-06 03:50:23,517 p=19989 u=root |  ok: [node-0] => (item=/etc/ceph/)
2016-04-06 03:50:23,532 p=19989 u=root |  ok: [node-0] => (item=/var/lib/ceph/bootstrap-osd)
2016-04-06 03:50:23,546 p=19989 u=root |  ok: [node-0] => (item=/var/lib/ceph/bootstrap-mds)
2016-04-06 03:50:23,560 p=19989 u=root |  ok: [node-0] => (item=/var/lib/ceph/bootstrap-rgw)
2016-04-06 03:50:23,563 p=19989 u=root |  TASK [gassyfs/master : install pip and docker on ubuntu] ***********************
2016-04-06 03:50:23,701 p=19989 u=root |  skipping: [node-0] => (item=[]) 
2016-04-06 03:50:23,704 p=19989 u=root |  TASK [gassyfs/master : install pip and docker on debian] ***********************
2016-04-06 03:50:23,818 p=19989 u=root |  skipping: [node-0] => (item=[]) 
2016-04-06 03:50:23,821 p=19989 u=root |  TASK [gassyfs/master : install pip and docker on redhat] ***********************
2016-04-06 03:50:24,343 p=19989 u=root |  ok: [node-0] => (item=[u'python-pip', u'docker-engine'])
2016-04-06 03:50:24,346 p=19989 u=root |  TASK [gassyfs/master : install pip and docker on redhat] ***********************
2016-04-06 03:50:24,481 p=19989 u=root |  skipping: [node-0] => (item=[]) 
2016-04-06 03:50:24,485 p=19989 u=root |  TASK [gassyfs/master : install docker-py] **************************************
2016-04-06 03:50:25,040 p=19989 u=root |  ok: [node-0]
2016-04-06 03:50:25,043 p=19989 u=root |  TASK [gassyfs/master : include] ************************************************
2016-04-06 03:50:25,120 p=19989 u=root |  included: /experiments/roles/srl/gassyfs/master/tasks/docker/fetch_configs.yml for node-0
2016-04-06 03:50:25,161 p=19989 u=root |  TASK [gassyfs/master : remove old keys] ****************************************
2016-04-06 03:50:25,415 p=19989 u=root |  ok: [node-0]
2016-04-06 03:50:25,418 p=19989 u=root |  TASK [gassyfs/master : create a new directory for ssh keys] ********************
2016-04-06 03:50:25,661 p=19989 u=root |  changed: [node-0]
2016-04-06 03:50:25,665 p=19989 u=root |  TASK [gassyfs/master : set ssh key paths] **************************************
2016-04-06 03:50:25,720 p=19989 u=root |  ok: [node-0]
2016-04-06 03:50:25,724 p=19989 u=root |  TASK [gassyfs/master : try to fetch ssh keys] **********************************
2016-04-06 03:50:26,824 p=19989 u=root |  changed: [node-0] => (item=id_rsa)
2016-04-06 03:50:26,836 p=19989 u=root |  changed: [node-0] => (item=id_rsa.pub)
2016-04-06 03:50:26,848 p=19989 u=root |  changed: [node-0] => (item=authorized_keys)
2016-04-06 03:50:26,851 p=19989 u=root |  TASK [gassyfs/master : include] ************************************************
2016-04-06 03:50:26,928 p=19989 u=root |  included: /experiments/roles/srl/gassyfs/master/tasks/docker/start_docker_master.yml for node-0
2016-04-06 03:50:26,977 p=19989 u=root |  TASK [gassyfs/master : run the gassyfs docker image] ***************************
2016-04-06 03:50:29,413 p=19989 u=root |  changed: [node-0]
2016-04-06 03:50:29,419 p=19989 u=root |  PLAY ***************************************************************************
2016-04-06 03:50:29,426 p=19989 u=root |  TASK [setup] *******************************************************************
2016-04-06 03:50:29,728 p=19989 u=root |  ok: [node-0]
2016-04-06 03:50:29,827 p=19989 u=root |  ok: [node-2]
2016-04-06 03:50:29,830 p=19989 u=root |  TASK [wait for the SSH port on the container to become active] *****************
2016-04-06 03:50:30,018 p=19989 u=root |  ok: [node-0]
2016-04-06 03:50:30,068 p=19989 u=root |  ok: [node-2]
2016-04-06 03:50:30,071 p=19989 u=root |  TASK [check if the worker container is up] *************************************
2016-04-06 03:50:30,325 p=19989 u=root |  ok: [node-0]
2016-04-06 03:50:30,383 p=19989 u=root |  ok: [node-2]
2016-04-06 03:50:30,389 p=19989 u=root |  PLAY ***************************************************************************
2016-04-06 03:50:30,396 p=19989 u=root |  TASK [setup] *******************************************************************
2016-04-06 03:50:30,737 p=19989 u=root |  ok: [node-0]
2016-04-06 03:50:30,743 p=19989 u=root |  TASK [wait for the SSH port on the container to become active] *****************
2016-04-06 03:50:30,972 p=19989 u=root |  ok: [node-0]
2016-04-06 03:50:30,975 p=19989 u=root |  TASK [check if the master container is up] *************************************
2016-04-06 03:50:31,335 p=19989 u=root |  ok: [node-0]
2016-04-06 03:50:31,344 p=19989 u=root |  PLAY ***************************************************************************
2016-04-06 03:50:31,354 p=19989 u=root |  TASK [setup] *******************************************************************
2016-04-06 03:50:31,702 p=19989 u=root |  ok: [node-0]
2016-04-06 03:50:31,759 p=19989 u=root |  ok: [node-2]
2016-04-06 03:50:31,766 p=19989 u=root |  PLAY ***************************************************************************
2016-04-06 03:50:31,777 p=19989 u=root |  TASK [setup] *******************************************************************
2016-04-06 03:50:32,126 p=19989 u=root |  ok: [node-0]
2016-04-06 03:50:32,131 p=19989 u=root |  TASK [add_host] ****************************************************************
2016-04-06 03:50:32,170 p=19989 u=root |  changed: [node-0]
2016-04-06 03:50:32,177 p=19989 u=root |  PLAY ***************************************************************************
2016-04-06 03:50:32,184 p=19989 u=root |  TASK [setup] *******************************************************************
2016-04-06 03:50:32,993 p=19989 u=root |  ok: [node-0]
2016-04-06 03:50:32,996 p=19989 u=root |  TASK [wait for gassyfs to mount] ***********************************************
2016-04-06 03:50:38,264 p=19989 u=root |  FAILED - RETRYING: TASK: wait for gassyfs to mount (199 retries left). Result was: {u'changed': True, u'end': u'2016-04-06 03:50:33.228019', 'failed': True, u'stdout': u'', u'cmd': u'mount | grep mount', u'rc': 1, u'start': u'2016-04-06 03:50:33.136641', u'stderr': u'', u'delta': u'0:00:00.091378', 'invocation': {'module_name': u'command', u'module_args': {u'creates': None, u'executable': None, u'_uses_shell': True, u'_ansible_no_log': True, u'_raw_params': u'mount | grep mount', u'removes': None, u'warn': True, u'chdir': None}}, 'stdout_lines': [], u'warnings': [u'Consider using mount module rather than running mount']}
2016-04-06 03:50:38,566 p=19989 u=root |  changed: [node-0]
2016-04-06 03:50:38,570 p=19989 u=root |  TASK [how big is our gassyfs mount?] *******************************************
2016-04-06 03:50:38,895 p=19989 u=root |  changed: [node-0]
2016-04-06 03:50:38,900 p=19989 u=root |  TASK [debug] *******************************************************************
2016-04-06 03:50:38,953 p=19989 u=root |  ok: [node-0] => {
    "result.stdout_lines": [
        "Filesystem                                                                                      Size  Used Avail Use% Mounted on", 
        "/dev/mapper/docker-8:1-951195-0920702473a33ce578305226a6660624fee66ab16a3d22f9eadcda248cc7dd2a   10G  487M  9.6G   5% /", 
        "tmpfs                                                                                           126G     0  126G   0% /dev", 
        "tmpfs                                                                                           126G     0  126G   0% /sys/fs/cgroup", 
        "tmpfs                                                                                           126G   50M  126G   1% /run/shm", 
        "tmpfs                                                                                           126G     0  126G   0% /dev/shm", 
        "/dev/sda1                                                                                        16G  5.4G  9.6G  36% /etc/hosts", 
        "gassy                                                                                           160G     0  160G   0% /mount"
    ]
}
2016-04-06 03:50:38,963 p=19989 u=root |  PLAY ***************************************************************************
2016-04-06 03:50:38,974 p=19989 u=root |  TASK [setup] *******************************************************************
2016-04-06 03:50:39,831 p=19989 u=root |  ok: [node-0]
2016-04-06 03:50:39,836 p=19989 u=root |  TASK [set_fact] ****************************************************************
2016-04-06 03:50:39,875 p=19989 u=root |  ok: [node-0]
2016-04-06 03:50:39,878 p=19989 u=root |  TASK [pull input files from the interwebs (40MB, 177MB, 1GB, 10GB)] ************
2016-04-06 03:51:00,150 p=19989 u=root |  changed: [node-0] => (item=wgEncodeCaltechRnaSeqGm12878R1x75dSplicesRep1V2.bam)
2016-04-06 03:51:00,155 p=19989 u=root |  changed: [node-0] => (item=wgEncodeCaltechRnaSeqH1hescR1x75dSplicesRep1V2.bam)
2016-04-06 03:51:00,159 p=19989 u=root |  TASK [put the input into gassyfs] **********************************************
2016-04-06 03:51:19,507 p=19989 u=root |  changed: [node-0] => (item=wgEncodeCaltechRnaSeqGm12878R1x75dSplicesRep1V2.bam)
2016-04-06 03:51:19,511 p=19989 u=root |  changed: [node-0] => (item=wgEncodeCaltechRnaSeqH1hescR1x75dSplicesRep1V2.bam)
2016-04-06 03:51:19,515 p=19989 u=root |  TASK [run the sort benchmark] **************************************************
2016-04-06 03:52:18,286 p=19989 u=root |  changed: [node-0] => (item=wgEncodeCaltechRnaSeqGm12878R1x75dSplicesRep1V2.bam)
2016-04-06 03:52:18,289 p=19989 u=root |  changed: [node-0] => (item=wgEncodeCaltechRnaSeqH1hescR1x75dSplicesRep1V2.bam)
2016-04-06 03:52:18,293 p=19989 u=root |  TASK [get the sizes] ***********************************************************
2016-04-06 03:52:18,579 p=19989 u=root |  changed: [node-0]
2016-04-06 03:52:18,582 p=19989 u=root |  TASK [size of files] ***********************************************************
2016-04-06 03:52:18,627 p=19989 u=root |  ok: [node-0] => {
    "size.stdout_lines": [
        "total 5", 
        "drwxr-xr-x  2 root root         0 Apr  6 03:51 .", 
        "drwxr-xr-x 19 root root      4096 Apr  6 03:50 ..", 
        "-rw-r--r--  1 root root 205532167 Apr  6 03:51 output-wgEncodeCaltechRnaSeqGm12878R1x75dSplicesRep1V2.bam", 
        "-rw-r--r--  1 root root 185393110 Apr  6 03:52 output-wgEncodeCaltechRnaSeqH1hescR1x75dSplicesRep1V2.bam", 
        "-rw-r--r--  1 root root 205537977 Apr  6 03:51 wgEncodeCaltechRnaSeqGm12878R1x75dSplicesRep1V2.bam", 
        "-rw-r--r--  1 root root 185365121 Apr  6 03:51 wgEncodeCaltechRnaSeqH1hescR1x75dSplicesRep1V2.bam"
    ]
}
2016-04-06 03:52:18,629 p=19989 u=root |  TASK [TIME copy] ***************************************************************
2016-04-06 03:52:18,697 p=19989 u=root |  ok: [node-0] => (item={u'stdout': u'', u'cmd': u'time cp /tmp/wgEncodeCaltechRnaSeqGm12878R1x75dSplicesRep1V2.bam /mount/wgEncodeCaltechRnaSeqGm12878R1x75dSplicesRep1V2.bam', u'end': u'2016-04-06 03:51:11.042184', '_ansible_no_log': False, u'warnings': [], u'changed': True, u'start': u'2016-04-06 03:51:00.339804', u'delta': u'0:00:10.702380', 'item': u'wgEncodeCaltechRnaSeqGm12878R1x75dSplicesRep1V2.bam', u'rc': 0, 'invocation': {'module_name': u'command', u'module_args': {u'creates': None, u'executable': None, u'chdir': None, u'_raw_params': u'time cp /tmp/wgEncodeCaltechRnaSeqGm12878R1x75dSplicesRep1V2.bam /mount/wgEncodeCaltechRnaSeqGm12878R1x75dSplicesRep1V2.bam', u'removes': None, u'warn': True, u'_uses_shell': True}}, 'stdout_lines': [], u'stderr': u'\nreal\t0m10.587s\nuser\t0m0.001s\nsys\t0m0.465s'}) => {
    "item": {
        "_ansible_no_log": false, 
        "changed": true, 
        "cmd": "time cp /tmp/wgEncodeCaltechRnaSeqGm12878R1x75dSplicesRep1V2.bam /mount/wgEncodeCaltechRnaSeqGm12878R1x75dSplicesRep1V2.bam", 
        "delta": "0:00:10.702380", 
        "end": "2016-04-06 03:51:11.042184", 
        "invocation": {
            "module_args": {
                "_raw_params": "time cp /tmp/wgEncodeCaltechRnaSeqGm12878R1x75dSplicesRep1V2.bam /mount/wgEncodeCaltechRnaSeqGm12878R1x75dSplicesRep1V2.bam", 
                "_uses_shell": true, 
                "chdir": null, 
                "creates": null, 
                "executable": null, 
                "removes": null, 
                "warn": true
            }, 
            "module_name": "command"
        }, 
        "item": "wgEncodeCaltechRnaSeqGm12878R1x75dSplicesRep1V2.bam", 
        "rc": 0, 
        "start": "2016-04-06 03:51:00.339804", 
        "stderr": "\nreal\t0m10.587s\nuser\t0m0.001s\nsys\t0m0.465s", 
        "stdout": "", 
        "stdout_lines": [], 
        "warnings": []
    }, 
    "msg": "[u'', u'real\\t0m10.587s', u'user\\t0m0.001s', u'sys\\t0m0.465s'] ..."
}
2016-04-06 03:52:18,700 p=19989 u=root |  ok: [node-0] => (item={u'stdout': u'', u'cmd': u'time cp /tmp/wgEncodeCaltechRnaSeqH1hescR1x75dSplicesRep1V2.bam /mount/wgEncodeCaltechRnaSeqH1hescR1x75dSplicesRep1V2.bam', u'end': u'2016-04-06 03:51:19.476098', '_ansible_no_log': False, u'warnings': [], u'changed': True, u'start': u'2016-04-06 03:51:11.206859', u'delta': u'0:00:08.269239', 'item': u'wgEncodeCaltechRnaSeqH1hescR1x75dSplicesRep1V2.bam', u'rc': 0, 'invocation': {'module_name': u'command', u'module_args': {u'creates': None, u'executable': None, u'chdir': None, u'_raw_params': u'time cp /tmp/wgEncodeCaltechRnaSeqH1hescR1x75dSplicesRep1V2.bam /mount/wgEncodeCaltechRnaSeqH1hescR1x75dSplicesRep1V2.bam', u'removes': None, u'warn': True, u'_uses_shell': True}}, 'stdout_lines': [], u'stderr': u'\nreal\t0m8.159s\nuser\t0m0.005s\nsys\t0m0.407s'}) => {
    "item": {
        "_ansible_no_log": false, 
        "changed": true, 
        "cmd": "time cp /tmp/wgEncodeCaltechRnaSeqH1hescR1x75dSplicesRep1V2.bam /mount/wgEncodeCaltechRnaSeqH1hescR1x75dSplicesRep1V2.bam", 
        "delta": "0:00:08.269239", 
        "end": "2016-04-06 03:51:19.476098", 
        "invocation": {
            "module_args": {
                "_raw_params": "time cp /tmp/wgEncodeCaltechRnaSeqH1hescR1x75dSplicesRep1V2.bam /mount/wgEncodeCaltechRnaSeqH1hescR1x75dSplicesRep1V2.bam", 
                "_uses_shell": true, 
                "chdir": null, 
                "creates": null, 
                "executable": null, 
                "removes": null, 
                "warn": true
            }, 
            "module_name": "command"
        }, 
        "item": "wgEncodeCaltechRnaSeqH1hescR1x75dSplicesRep1V2.bam", 
        "rc": 0, 
        "start": "2016-04-06 03:51:11.206859", 
        "stderr": "\nreal\t0m8.159s\nuser\t0m0.005s\nsys\t0m0.407s", 
        "stdout": "", 
        "stdout_lines": [], 
        "warnings": []
    }, 
    "msg": "[u'', u'real\\t0m8.159s', u'user\\t0m0.005s', u'sys\\t0m0.407s'] ..."
}
2016-04-06 03:52:18,702 p=19989 u=root |  TASK [TIME sort] ***************************************************************
2016-04-06 03:52:18,772 p=19989 u=root |  ok: [node-0] => (item={u'stdout': u'', u'cmd': u'time samtools sort -@ 16 -m640M -o /mount/output-wgEncodeCaltechRnaSeqGm12878R1x75dSplicesRep1V2.bam /mount/wgEncodeCaltechRnaSeqGm12878R1x75dSplicesRep1V2.bam', u'end': u'2016-04-06 03:51:49.435608', '_ansible_no_log': False, u'warnings': [], u'changed': True, u'start': u'2016-04-06 03:51:19.718703', u'delta': u'0:00:29.716905', 'item': u'wgEncodeCaltechRnaSeqGm12878R1x75dSplicesRep1V2.bam', u'rc': 0, 'invocation': {'module_name': u'command', u'module_args': {u'creates': None, u'executable': None, u'chdir': None, u'_raw_params': u'time samtools sort -@ 16 -m640M -o /mount/output-wgEncodeCaltechRnaSeqGm12878R1x75dSplicesRep1V2.bam /mount/wgEncodeCaltechRnaSeqGm12878R1x75dSplicesRep1V2.bam', u'removes': None, u'warn': True, u'_uses_shell': True}}, 'stdout_lines': [], u'stderr': u'\nreal\t0m29.602s\nuser\t0m43.445s\nsys\t0m1.613s'}) => {
    "item": {
        "_ansible_no_log": false, 
        "changed": true, 
        "cmd": "time samtools sort -@ 16 -m640M -o /mount/output-wgEncodeCaltechRnaSeqGm12878R1x75dSplicesRep1V2.bam /mount/wgEncodeCaltechRnaSeqGm12878R1x75dSplicesRep1V2.bam", 
        "delta": "0:00:29.716905", 
        "end": "2016-04-06 03:51:49.435608", 
        "invocation": {
            "module_args": {
                "_raw_params": "time samtools sort -@ 16 -m640M -o /mount/output-wgEncodeCaltechRnaSeqGm12878R1x75dSplicesRep1V2.bam /mount/wgEncodeCaltechRnaSeqGm12878R1x75dSplicesRep1V2.bam", 
                "_uses_shell": true, 
                "chdir": null, 
                "creates": null, 
                "executable": null, 
                "removes": null, 
                "warn": true
            }, 
            "module_name": "command"
        }, 
        "item": "wgEncodeCaltechRnaSeqGm12878R1x75dSplicesRep1V2.bam", 
        "rc": 0, 
        "start": "2016-04-06 03:51:19.718703", 
        "stderr": "\nreal\t0m29.602s\nuser\t0m43.445s\nsys\t0m1.613s", 
        "stdout": "", 
        "stdout_lines": [], 
        "warnings": []
    }, 
    "msg": "[u'', u'real\\t0m29.602s', u'user\\t0m43.445s', u'sys\\t0m1.613s'] ..."
}
2016-04-06 03:52:18,774 p=19989 u=root |  ok: [node-0] => (item={u'stdout': u'', u'cmd': u'time samtools sort -@ 16 -m640M -o /mount/output-wgEncodeCaltechRnaSeqH1hescR1x75dSplicesRep1V2.bam /mount/wgEncodeCaltechRnaSeqH1hescR1x75dSplicesRep1V2.bam', u'end': u'2016-04-06 03:52:18.259239', '_ansible_no_log': False, u'warnings': [], u'changed': True, u'start': u'2016-04-06 03:51:49.605983', u'delta': u'0:00:28.653256', 'item': u'wgEncodeCaltechRnaSeqH1hescR1x75dSplicesRep1V2.bam', u'rc': 0, 'invocation': {'module_name': u'command', u'module_args': {u'creates': None, u'executable': None, u'chdir': None, u'_raw_params': u'time samtools sort -@ 16 -m640M -o /mount/output-wgEncodeCaltechRnaSeqH1hescR1x75dSplicesRep1V2.bam /mount/wgEncodeCaltechRnaSeqH1hescR1x75dSplicesRep1V2.bam', u'removes': None, u'warn': True, u'_uses_shell': True}}, 'stdout_lines': [], u'stderr': u'\nreal\t0m28.539s\nuser\t0m45.597s\nsys\t0m1.537s'}) => {
    "item": {
        "_ansible_no_log": false, 
        "changed": true, 
        "cmd": "time samtools sort -@ 16 -m640M -o /mount/output-wgEncodeCaltechRnaSeqH1hescR1x75dSplicesRep1V2.bam /mount/wgEncodeCaltechRnaSeqH1hescR1x75dSplicesRep1V2.bam", 
        "delta": "0:00:28.653256", 
        "end": "2016-04-06 03:52:18.259239", 
        "invocation": {
            "module_args": {
                "_raw_params": "time samtools sort -@ 16 -m640M -o /mount/output-wgEncodeCaltechRnaSeqH1hescR1x75dSplicesRep1V2.bam /mount/wgEncodeCaltechRnaSeqH1hescR1x75dSplicesRep1V2.bam", 
                "_uses_shell": true, 
                "chdir": null, 
                "creates": null, 
                "executable": null, 
                "removes": null, 
                "warn": true
            }, 
            "module_name": "command"
        }, 
        "item": "wgEncodeCaltechRnaSeqH1hescR1x75dSplicesRep1V2.bam", 
        "rc": 0, 
        "start": "2016-04-06 03:51:49.605983", 
        "stderr": "\nreal\t0m28.539s\nuser\t0m45.597s\nsys\t0m1.537s", 
        "stdout": "", 
        "stdout_lines": [], 
        "warnings": []
    }, 
    "msg": "[u'', u'real\\t0m28.539s', u'user\\t0m45.597s', u'sys\\t0m1.537s'] ..."
}
2016-04-06 03:52:18,776 p=19989 u=root |  PLAY RECAP *********************************************************************
2016-04-06 03:52:18,776 p=19989 u=root |  node-0                     : ok=43   changed=11   unreachable=0    failed=0   
2016-04-06 03:52:18,776 p=19989 u=root |  node-2                     : ok=12   changed=1    unreachable=0    failed=0   
2016-04-06 03:53:38,591 p=20428 u=root |  PLAY ***************************************************************************
2016-04-06 03:53:38,603 p=20428 u=root |  TASK [setup] *******************************************************************
2016-04-06 03:53:39,083 p=20428 u=root |  ok: [node-0]
2016-04-06 03:53:39,086 p=20428 u=root |  ok: [node-2]
2016-04-06 03:53:39,094 p=20428 u=root |  TASK [gassyfs/worker : include] ************************************************
2016-04-06 03:53:39,128 p=20428 u=root |  included: /experiments/roles/srl/gassyfs/worker/tasks/docker/main.yml for node-0, node-2
2016-04-06 03:53:39,136 p=20428 u=root |  TASK [gassyfs/worker : include] ************************************************
2016-04-06 03:53:39,200 p=20428 u=root |  included: /experiments/roles/srl/gassyfs/worker/tasks/docker/pre_requisite.yml for node-0, node-2
2016-04-06 03:53:39,220 p=20428 u=root |  TASK [gassyfs/worker : create bootstrap directories] ***************************
2016-04-06 03:53:40,310 p=20428 u=root |  ok: [node-2] => (item=/etc/ceph/)
2016-04-06 03:53:40,325 p=20428 u=root |  ok: [node-2] => (item=/var/lib/ceph/bootstrap-osd)
2016-04-06 03:53:40,339 p=20428 u=root |  ok: [node-2] => (item=/var/lib/ceph/bootstrap-mds)
2016-04-06 03:53:40,353 p=20428 u=root |  ok: [node-2] => (item=/var/lib/ceph/bootstrap-rgw)
2016-04-06 03:53:40,373 p=20428 u=root |  ok: [node-0] => (item=/etc/ceph/)
2016-04-06 03:53:40,387 p=20428 u=root |  ok: [node-0] => (item=/var/lib/ceph/bootstrap-osd)
2016-04-06 03:53:40,401 p=20428 u=root |  ok: [node-0] => (item=/var/lib/ceph/bootstrap-mds)
2016-04-06 03:53:40,415 p=20428 u=root |  ok: [node-0] => (item=/var/lib/ceph/bootstrap-rgw)
2016-04-06 03:53:40,418 p=20428 u=root |  TASK [gassyfs/worker : install pip and docker on ubuntu] ***********************
2016-04-06 03:53:40,566 p=20428 u=root |  skipping: [node-0] => (item=[]) 
2016-04-06 03:53:40,588 p=20428 u=root |  skipping: [node-2] => (item=[]) 
2016-04-06 03:53:40,591 p=20428 u=root |  TASK [gassyfs/worker : install pip and docker on debian] ***********************
2016-04-06 03:53:40,739 p=20428 u=root |  skipping: [node-0] => (item=[]) 
2016-04-06 03:53:40,762 p=20428 u=root |  skipping: [node-2] => (item=[]) 
2016-04-06 03:53:40,766 p=20428 u=root |  TASK [gassyfs/worker : install pip and docker on redhat] ***********************
2016-04-06 03:53:41,312 p=20428 u=root |  ok: [node-0] => (item=[u'python-pip', u'docker-engine'])
2016-04-06 03:53:41,332 p=20428 u=root |  ok: [node-2] => (item=[u'python-pip', u'docker-engine'])
2016-04-06 03:53:41,335 p=20428 u=root |  TASK [gassyfs/worker : install pip and docker on redhat] ***********************
2016-04-06 03:53:41,482 p=20428 u=root |  skipping: [node-0] => (item=[]) 
2016-04-06 03:53:41,503 p=20428 u=root |  skipping: [node-2] => (item=[]) 
2016-04-06 03:53:41,507 p=20428 u=root |  TASK [gassyfs/worker : install docker-py] **************************************
2016-04-06 03:53:42,077 p=20428 u=root |  ok: [node-0]
2016-04-06 03:53:42,094 p=20428 u=root |  ok: [node-2]
2016-04-06 03:53:42,097 p=20428 u=root |  TASK [gassyfs/worker : include] ************************************************
2016-04-06 03:53:42,166 p=20428 u=root |  included: /experiments/roles/srl/gassyfs/worker/tasks/docker/start_docker_worker.yml for node-0, node-2
2016-04-06 03:53:42,236 p=20428 u=root |  TASK [gassyfs/worker : run the gassyfs docker image] ***************************
2016-04-06 03:53:42,655 p=20428 u=root |  ok: [node-0]
2016-04-06 03:53:42,671 p=20428 u=root |  ok: [node-2]
2016-04-06 03:53:42,679 p=20428 u=root |  PLAY ***************************************************************************
2016-04-06 03:53:42,687 p=20428 u=root |  TASK [setup] *******************************************************************
2016-04-06 03:53:43,089 p=20428 u=root |  ok: [node-0]
2016-04-06 03:53:43,093 p=20428 u=root |  TASK [gassyfs/master : include] ************************************************
2016-04-06 03:53:43,129 p=20428 u=root |  included: /experiments/roles/srl/gassyfs/master/tasks/docker/main.yml for node-0
2016-04-06 03:53:43,137 p=20428 u=root |  TASK [gassyfs/master : include] ************************************************
2016-04-06 03:53:43,225 p=20428 u=root |  included: /experiments/roles/srl/gassyfs/master/tasks/docker/pre_requisite.yml for node-0
2016-04-06 03:53:43,244 p=20428 u=root |  TASK [gassyfs/master : create bootstrap directories] ***************************
2016-04-06 03:53:44,424 p=20428 u=root |  ok: [node-0] => (item=/etc/ceph/)
2016-04-06 03:53:44,443 p=20428 u=root |  ok: [node-0] => (item=/var/lib/ceph/bootstrap-osd)
2016-04-06 03:53:44,459 p=20428 u=root |  ok: [node-0] => (item=/var/lib/ceph/bootstrap-mds)
2016-04-06 03:53:44,475 p=20428 u=root |  ok: [node-0] => (item=/var/lib/ceph/bootstrap-rgw)
2016-04-06 03:53:44,478 p=20428 u=root |  TASK [gassyfs/master : install pip and docker on ubuntu] ***********************
2016-04-06 03:53:44,639 p=20428 u=root |  skipping: [node-0] => (item=[]) 
2016-04-06 03:53:44,643 p=20428 u=root |  TASK [gassyfs/master : install pip and docker on debian] ***********************
2016-04-06 03:53:44,803 p=20428 u=root |  skipping: [node-0] => (item=[]) 
2016-04-06 03:53:44,806 p=20428 u=root |  TASK [gassyfs/master : install pip and docker on redhat] ***********************
2016-04-06 03:53:45,385 p=20428 u=root |  ok: [node-0] => (item=[u'python-pip', u'docker-engine'])
2016-04-06 03:53:45,389 p=20428 u=root |  TASK [gassyfs/master : install pip and docker on redhat] ***********************
2016-04-06 03:53:45,552 p=20428 u=root |  skipping: [node-0] => (item=[]) 
2016-04-06 03:53:45,556 p=20428 u=root |  TASK [gassyfs/master : install docker-py] **************************************
2016-04-06 03:53:46,219 p=20428 u=root |  ok: [node-0]
2016-04-06 03:53:46,223 p=20428 u=root |  TASK [gassyfs/master : include] ************************************************
2016-04-06 03:53:46,316 p=20428 u=root |  included: /experiments/roles/srl/gassyfs/master/tasks/docker/fetch_configs.yml for node-0
2016-04-06 03:53:46,357 p=20428 u=root |  TASK [gassyfs/master : remove old keys] ****************************************
2016-04-06 03:53:46,669 p=20428 u=root |  changed: [node-0]
2016-04-06 03:53:46,674 p=20428 u=root |  TASK [gassyfs/master : create a new directory for ssh keys] ********************
2016-04-06 03:53:46,943 p=20428 u=root |  changed: [node-0]
2016-04-06 03:53:46,948 p=20428 u=root |  TASK [gassyfs/master : set ssh key paths] **************************************
2016-04-06 03:53:47,031 p=20428 u=root |  ok: [node-0]
2016-04-06 03:53:47,035 p=20428 u=root |  TASK [gassyfs/master : try to fetch ssh keys] **********************************
2016-04-06 03:53:48,278 p=20428 u=root |  changed: [node-0] => (item=id_rsa)
2016-04-06 03:53:48,290 p=20428 u=root |  changed: [node-0] => (item=id_rsa.pub)
2016-04-06 03:53:48,302 p=20428 u=root |  changed: [node-0] => (item=authorized_keys)
2016-04-06 03:53:48,305 p=20428 u=root |  TASK [gassyfs/master : include] ************************************************
2016-04-06 03:53:48,385 p=20428 u=root |  included: /experiments/roles/srl/gassyfs/master/tasks/docker/start_docker_master.yml for node-0
2016-04-06 03:53:48,433 p=20428 u=root |  TASK [gassyfs/master : run the gassyfs docker image] ***************************
2016-04-06 03:53:48,914 p=20428 u=root |  ok: [node-0]
2016-04-06 03:53:48,921 p=20428 u=root |  PLAY ***************************************************************************
2016-04-06 03:53:48,928 p=20428 u=root |  TASK [setup] *******************************************************************
2016-04-06 03:53:49,257 p=20428 u=root |  ok: [node-0]
2016-04-06 03:53:49,283 p=20428 u=root |  ok: [node-2]
2016-04-06 03:53:49,289 p=20428 u=root |  TASK [wait for the SSH port on the container to become active] *****************
2016-04-06 03:53:49,501 p=20428 u=root |  ok: [node-0]
2016-04-06 03:53:49,514 p=20428 u=root |  ok: [node-2]
2016-04-06 03:53:49,518 p=20428 u=root |  TASK [check if the worker container is up] *************************************
2016-04-06 03:53:49,772 p=20428 u=root |  ok: [node-0]
2016-04-06 03:53:49,799 p=20428 u=root |  ok: [node-2]
2016-04-06 03:53:49,806 p=20428 u=root |  PLAY ***************************************************************************
2016-04-06 03:53:49,814 p=20428 u=root |  TASK [setup] *******************************************************************
2016-04-06 03:53:50,142 p=20428 u=root |  ok: [node-0]
2016-04-06 03:53:50,146 p=20428 u=root |  TASK [wait for the SSH port on the container to become active] *****************
2016-04-06 03:53:50,379 p=20428 u=root |  ok: [node-0]
2016-04-06 03:53:50,382 p=20428 u=root |  TASK [check if the master container is up] *************************************
2016-04-06 03:53:50,674 p=20428 u=root |  ok: [node-0]
2016-04-06 03:53:50,681 p=20428 u=root |  PLAY ***************************************************************************
2016-04-06 03:53:50,688 p=20428 u=root |  TASK [setup] *******************************************************************
2016-04-06 03:53:51,031 p=20428 u=root |  ok: [node-0]
2016-04-06 03:53:51,072 p=20428 u=root |  ok: [node-2]
2016-04-06 03:53:51,083 p=20428 u=root |  PLAY ***************************************************************************
2016-04-06 03:53:51,094 p=20428 u=root |  TASK [setup] *******************************************************************
2016-04-06 03:53:51,466 p=20428 u=root |  ok: [node-0]
2016-04-06 03:53:51,471 p=20428 u=root |  TASK [add_host] ****************************************************************
2016-04-06 03:53:51,516 p=20428 u=root |  changed: [node-0]
2016-04-06 03:53:51,527 p=20428 u=root |  PLAY ***************************************************************************
2016-04-06 03:53:51,536 p=20428 u=root |  TASK [setup] *******************************************************************
2016-04-06 03:53:53,480 p=20428 u=root |  ok: [node-0]
2016-04-06 03:53:53,484 p=20428 u=root |  TASK [wait for gassyfs to mount] ***********************************************
2016-04-06 03:53:53,844 p=20428 u=root |  changed: [node-0]
2016-04-06 03:53:53,847 p=20428 u=root |  TASK [how big is our gassyfs mount?] *******************************************
2016-04-06 03:53:54,164 p=20428 u=root |  changed: [node-0]
2016-04-06 03:53:54,169 p=20428 u=root |  TASK [debug] *******************************************************************
2016-04-06 03:53:54,222 p=20428 u=root |  ok: [node-0] => {
    "result.stdout_lines": [
        "Filesystem                                                                                      Size  Used Avail Use% Mounted on", 
        "/dev/mapper/docker-8:1-951195-0920702473a33ce578305226a6660624fee66ab16a3d22f9eadcda248cc7dd2a   10G  859M  9.2G   9% /", 
        "tmpfs                                                                                           126G     0  126G   0% /dev", 
        "tmpfs                                                                                           126G     0  126G   0% /sys/fs/cgroup", 
        "tmpfs                                                                                           126G   50M  126G   1% /run/shm", 
        "tmpfs                                                                                           126G     0  126G   0% /dev/shm", 
        "/dev/sda1                                                                                        16G  5.4G  9.6G  36% /etc/hosts", 
        "gassy                                                                                           160G  746M  160G   1% /mount"
    ]
}
2016-04-06 03:53:54,230 p=20428 u=root |  PLAY ***************************************************************************
2016-04-06 03:53:54,238 p=20428 u=root |  TASK [setup] *******************************************************************
2016-04-06 03:53:55,094 p=20428 u=root |  ok: [node-0]
2016-04-06 03:53:55,098 p=20428 u=root |  TASK [set_fact] ****************************************************************
2016-04-06 03:53:55,144 p=20428 u=root |  ok: [node-0]
2016-04-06 03:53:55,148 p=20428 u=root |  TASK [pull input files from the interwebs (40MB, 177MB, 1GB, 10GB)] ************
2016-04-06 03:53:55,601 p=20428 u=root |  ok: [node-0] => (item=wgEncodeCaltechRnaSeqGm12878R1x75dSplicesRep1V2.bam)
2016-04-06 03:53:55,603 p=20428 u=root |  ok: [node-0] => (item=wgEncodeCaltechRnaSeqH1hescR1x75dSplicesRep1V2.bam)
2016-04-06 03:53:55,606 p=20428 u=root |  TASK [put the input into gassyfs] **********************************************
2016-04-06 03:54:22,068 p=20428 u=root |  changed: [node-0] => (item=wgEncodeCaltechRnaSeqGm12878R1x75dSplicesRep1V2.bam)
2016-04-06 03:54:22,071 p=20428 u=root |  changed: [node-0] => (item=wgEncodeCaltechRnaSeqH1hescR1x75dSplicesRep1V2.bam)
2016-04-06 03:54:22,073 p=20428 u=root |  TASK [run the sort benchmark] **************************************************
2016-04-06 03:55:25,117 p=20428 u=root |  changed: [node-0] => (item=wgEncodeCaltechRnaSeqGm12878R1x75dSplicesRep1V2.bam)
2016-04-06 03:55:25,120 p=20428 u=root |  changed: [node-0] => (item=wgEncodeCaltechRnaSeqH1hescR1x75dSplicesRep1V2.bam)
2016-04-06 03:55:25,123 p=20428 u=root |  TASK [get the sizes] ***********************************************************
2016-04-06 03:55:25,434 p=20428 u=root |  changed: [node-0]
2016-04-06 03:55:25,437 p=20428 u=root |  TASK [size of files] ***********************************************************
2016-04-06 03:55:25,475 p=20428 u=root |  ok: [node-0] => {
    "size.stdout_lines": [
        "total 5", 
        "drwxr-xr-x  2 root root         0 Apr  6 03:51 .", 
        "drwxr-xr-x 19 root root      4096 Apr  6 03:50 ..", 
        "-rw-r--r--  1 root root 205532167 Apr  6 03:54 output-wgEncodeCaltechRnaSeqGm12878R1x75dSplicesRep1V2.bam", 
        "-rw-r--r--  1 root root 185393110 Apr  6 03:55 output-wgEncodeCaltechRnaSeqH1hescR1x75dSplicesRep1V2.bam", 
        "-rw-r--r--  1 root root 205537977 Apr  6 03:54 wgEncodeCaltechRnaSeqGm12878R1x75dSplicesRep1V2.bam", 
        "-rw-r--r--  1 root root 185365121 Apr  6 03:54 wgEncodeCaltechRnaSeqH1hescR1x75dSplicesRep1V2.bam"
    ]
}
2016-04-06 03:55:25,479 p=20428 u=root |  TASK [TIME copy] ***************************************************************
2016-04-06 03:55:25,577 p=20428 u=root |  ok: [node-0] => (item={u'stdout': u'', u'cmd': u'time cp /tmp/wgEncodeCaltechRnaSeqGm12878R1x75dSplicesRep1V2.bam /mount/wgEncodeCaltechRnaSeqGm12878R1x75dSplicesRep1V2.bam', u'end': u'2016-04-06 03:54:08.067230', '_ansible_no_log': False, u'warnings': [], u'changed': True, u'start': u'2016-04-06 03:53:55.799467', u'delta': u'0:00:12.267763', 'item': u'wgEncodeCaltechRnaSeqGm12878R1x75dSplicesRep1V2.bam', u'rc': 0, 'invocation': {'module_name': u'command', u'module_args': {u'creates': None, u'executable': None, u'chdir': None, u'_raw_params': u'time cp /tmp/wgEncodeCaltechRnaSeqGm12878R1x75dSplicesRep1V2.bam /mount/wgEncodeCaltechRnaSeqGm12878R1x75dSplicesRep1V2.bam', u'removes': None, u'warn': True, u'_uses_shell': True}}, 'stdout_lines': [], u'stderr': u'\nreal\t0m12.153s\nuser\t0m0.002s\nsys\t0m0.664s'}) => {
    "<type 'list'>": "VARIABLE IS NOT DEFINED!", 
    "item": {
        "_ansible_no_log": false, 
        "changed": true, 
        "cmd": "time cp /tmp/wgEncodeCaltechRnaSeqGm12878R1x75dSplicesRep1V2.bam /mount/wgEncodeCaltechRnaSeqGm12878R1x75dSplicesRep1V2.bam", 
        "delta": "0:00:12.267763", 
        "end": "2016-04-06 03:54:08.067230", 
        "invocation": {
            "module_args": {
                "_raw_params": "time cp /tmp/wgEncodeCaltechRnaSeqGm12878R1x75dSplicesRep1V2.bam /mount/wgEncodeCaltechRnaSeqGm12878R1x75dSplicesRep1V2.bam", 
                "_uses_shell": true, 
                "chdir": null, 
                "creates": null, 
                "executable": null, 
                "removes": null, 
                "warn": true
            }, 
            "module_name": "command"
        }, 
        "item": "wgEncodeCaltechRnaSeqGm12878R1x75dSplicesRep1V2.bam", 
        "rc": 0, 
        "start": "2016-04-06 03:53:55.799467", 
        "stderr": "\nreal\t0m12.153s\nuser\t0m0.002s\nsys\t0m0.664s", 
        "stdout": "", 
        "stdout_lines": [], 
        "warnings": []
    }
}
2016-04-06 03:55:25,581 p=20428 u=root |  ok: [node-0] => (item={u'stdout': u'', u'cmd': u'time cp /tmp/wgEncodeCaltechRnaSeqH1hescR1x75dSplicesRep1V2.bam /mount/wgEncodeCaltechRnaSeqH1hescR1x75dSplicesRep1V2.bam', u'end': u'2016-04-06 03:54:22.042108', '_ansible_no_log': False, u'warnings': [], u'changed': True, u'start': u'2016-04-06 03:54:08.238029', u'delta': u'0:00:13.804079', 'item': u'wgEncodeCaltechRnaSeqH1hescR1x75dSplicesRep1V2.bam', u'rc': 0, 'invocation': {'module_name': u'command', u'module_args': {u'creates': None, u'executable': None, u'chdir': None, u'_raw_params': u'time cp /tmp/wgEncodeCaltechRnaSeqH1hescR1x75dSplicesRep1V2.bam /mount/wgEncodeCaltechRnaSeqH1hescR1x75dSplicesRep1V2.bam', u'removes': None, u'warn': True, u'_uses_shell': True}}, 'stdout_lines': [], u'stderr': u'\nreal\t0m13.689s\nuser\t0m0.003s\nsys\t0m0.757s'}) => {
    "<type 'list'>": "VARIABLE IS NOT DEFINED!", 
    "item": {
        "_ansible_no_log": false, 
        "changed": true, 
        "cmd": "time cp /tmp/wgEncodeCaltechRnaSeqH1hescR1x75dSplicesRep1V2.bam /mount/wgEncodeCaltechRnaSeqH1hescR1x75dSplicesRep1V2.bam", 
        "delta": "0:00:13.804079", 
        "end": "2016-04-06 03:54:22.042108", 
        "invocation": {
            "module_args": {
                "_raw_params": "time cp /tmp/wgEncodeCaltechRnaSeqH1hescR1x75dSplicesRep1V2.bam /mount/wgEncodeCaltechRnaSeqH1hescR1x75dSplicesRep1V2.bam", 
                "_uses_shell": true, 
                "chdir": null, 
                "creates": null, 
                "executable": null, 
                "removes": null, 
                "warn": true
            }, 
            "module_name": "command"
        }, 
        "item": "wgEncodeCaltechRnaSeqH1hescR1x75dSplicesRep1V2.bam", 
        "rc": 0, 
        "start": "2016-04-06 03:54:08.238029", 
        "stderr": "\nreal\t0m13.689s\nuser\t0m0.003s\nsys\t0m0.757s", 
        "stdout": "", 
        "stdout_lines": [], 
        "warnings": []
    }
}
2016-04-06 03:55:25,584 p=20428 u=root |  TASK [TIME sort] ***************************************************************
2016-04-06 03:55:25,671 p=20428 u=root |  ok: [node-0] => (item={u'stdout': u'', u'cmd': u'time samtools sort -@ 16 -m640M -o /mount/output-wgEncodeCaltechRnaSeqGm12878R1x75dSplicesRep1V2.bam /mount/wgEncodeCaltechRnaSeqGm12878R1x75dSplicesRep1V2.bam', u'end': u'2016-04-06 03:54:54.525635', '_ansible_no_log': False, u'warnings': [], u'changed': True, u'start': u'2016-04-06 03:54:22.256541', u'delta': u'0:00:32.269094', 'item': u'wgEncodeCaltechRnaSeqGm12878R1x75dSplicesRep1V2.bam', u'rc': 0, 'invocation': {'module_name': u'command', u'module_args': {u'creates': None, u'executable': None, u'chdir': None, u'_raw_params': u'time samtools sort -@ 16 -m640M -o /mount/output-wgEncodeCaltechRnaSeqGm12878R1x75dSplicesRep1V2.bam /mount/wgEncodeCaltechRnaSeqGm12878R1x75dSplicesRep1V2.bam', u'removes': None, u'warn': True, u'_uses_shell': True}}, 'stdout_lines': [], u'stderr': u'\nreal\t0m32.180s\nuser\t0m43.438s\nsys\t0m2.080s'}) => {
    "<type 'list'>": "VARIABLE IS NOT DEFINED!", 
    "item": {
        "_ansible_no_log": false, 
        "changed": true, 
        "cmd": "time samtools sort -@ 16 -m640M -o /mount/output-wgEncodeCaltechRnaSeqGm12878R1x75dSplicesRep1V2.bam /mount/wgEncodeCaltechRnaSeqGm12878R1x75dSplicesRep1V2.bam", 
        "delta": "0:00:32.269094", 
        "end": "2016-04-06 03:54:54.525635", 
        "invocation": {
            "module_args": {
                "_raw_params": "time samtools sort -@ 16 -m640M -o /mount/output-wgEncodeCaltechRnaSeqGm12878R1x75dSplicesRep1V2.bam /mount/wgEncodeCaltechRnaSeqGm12878R1x75dSplicesRep1V2.bam", 
                "_uses_shell": true, 
                "chdir": null, 
                "creates": null, 
                "executable": null, 
                "removes": null, 
                "warn": true
            }, 
            "module_name": "command"
        }, 
        "item": "wgEncodeCaltechRnaSeqGm12878R1x75dSplicesRep1V2.bam", 
        "rc": 0, 
        "start": "2016-04-06 03:54:22.256541", 
        "stderr": "\nreal\t0m32.180s\nuser\t0m43.438s\nsys\t0m2.080s", 
        "stdout": "", 
        "stdout_lines": [], 
        "warnings": []
    }
}
2016-04-06 03:55:25,675 p=20428 u=root |  ok: [node-0] => (item={u'stdout': u'', u'cmd': u'time samtools sort -@ 16 -m640M -o /mount/output-wgEncodeCaltechRnaSeqH1hescR1x75dSplicesRep1V2.bam /mount/wgEncodeCaltechRnaSeqH1hescR1x75dSplicesRep1V2.bam', u'end': u'2016-04-06 03:55:25.087181', '_ansible_no_log': False, u'warnings': [], u'changed': True, u'start': u'2016-04-06 03:54:54.706908', u'delta': u'0:00:30.380273', 'item': u'wgEncodeCaltechRnaSeqH1hescR1x75dSplicesRep1V2.bam', u'rc': 0, 'invocation': {'module_name': u'command', u'module_args': {u'creates': None, u'executable': None, u'chdir': None, u'_raw_params': u'time samtools sort -@ 16 -m640M -o /mount/output-wgEncodeCaltechRnaSeqH1hescR1x75dSplicesRep1V2.bam /mount/wgEncodeCaltechRnaSeqH1hescR1x75dSplicesRep1V2.bam', u'removes': None, u'warn': True, u'_uses_shell': True}}, 'stdout_lines': [], u'stderr': u'\nreal\t0m30.266s\nuser\t0m45.945s\nsys\t0m2.162s'}) => {
    "<type 'list'>": "VARIABLE IS NOT DEFINED!", 
    "item": {
        "_ansible_no_log": false, 
        "changed": true, 
        "cmd": "time samtools sort -@ 16 -m640M -o /mount/output-wgEncodeCaltechRnaSeqH1hescR1x75dSplicesRep1V2.bam /mount/wgEncodeCaltechRnaSeqH1hescR1x75dSplicesRep1V2.bam", 
        "delta": "0:00:30.380273", 
        "end": "2016-04-06 03:55:25.087181", 
        "invocation": {
            "module_args": {
                "_raw_params": "time samtools sort -@ 16 -m640M -o /mount/output-wgEncodeCaltechRnaSeqH1hescR1x75dSplicesRep1V2.bam /mount/wgEncodeCaltechRnaSeqH1hescR1x75dSplicesRep1V2.bam", 
                "_uses_shell": true, 
                "chdir": null, 
                "creates": null, 
                "executable": null, 
                "removes": null, 
                "warn": true
            }, 
            "module_name": "command"
        }, 
        "item": "wgEncodeCaltechRnaSeqH1hescR1x75dSplicesRep1V2.bam", 
        "rc": 0, 
        "start": "2016-04-06 03:54:54.706908", 
        "stderr": "\nreal\t0m30.266s\nuser\t0m45.945s\nsys\t0m2.162s", 
        "stdout": "", 
        "stdout_lines": [], 
        "warnings": []
    }
}
2016-04-06 03:55:25,678 p=20428 u=root |  PLAY RECAP *********************************************************************
2016-04-06 03:55:25,678 p=20428 u=root |  node-0                     : ok=43   changed=9    unreachable=0    failed=0   
2016-04-06 03:55:25,678 p=20428 u=root |  node-2                     : ok=12   changed=0    unreachable=0    failed=0   
